TN:
SF:app\modules\attribute\attribute.repository.ts
FN:8,(anonymous_0)
FN:11,(anonymous_1)
FN:13,(anonymous_2)
FN:15,(anonymous_3)
FN:17,(anonymous_4)
FN:19,(anonymous_5)
FN:21,(anonymous_6)
FN:23,(anonymous_7)
FNF:8
FNH:0
FNDA:0,(anonymous_0)
FNDA:0,(anonymous_1)
FNDA:0,(anonymous_2)
FNDA:0,(anonymous_3)
FNDA:0,(anonymous_4)
FNDA:0,(anonymous_5)
FNDA:0,(anonymous_6)
FNDA:0,(anonymous_7)
DA:8,2
DA:9,0
DA:11,2
DA:13,2
DA:15,2
DA:17,2
DA:19,2
DA:21,2
DA:23,2
LF:9
LH:8
BRF:0
BRH:0
end_of_record
TN:
SF:app\modules\attribute\attribute.service.ts
FN:9,(anonymous_0)
FN:14,(anonymous_1)
FN:20,(anonymous_2)
FN:27,(anonymous_3)
FN:41,(anonymous_4)
FNF:5
FNH:0
FNDA:0,(anonymous_0)
FNDA:0,(anonymous_1)
FNDA:0,(anonymous_2)
FNDA:0,(anonymous_3)
FNDA:0,(anonymous_4)
DA:9,2
DA:10,0
DA:11,0
DA:14,2
DA:15,0
DA:16,0
DA:17,0
DA:20,2
DA:21,0
DA:22,0
DA:23,0
DA:24,0
DA:27,2
DA:31,0
DA:32,0
DA:34,0
DA:35,0
DA:37,0
DA:38,0
DA:41,2
DA:42,0
DA:43,0
DA:44,0
LF:23
LH:5
BRDA:16,0,0,0
BRDA:16,0,1,0
BRDA:22,1,0,0
BRDA:22,1,1,0
BRDA:32,2,0,0
BRDA:32,2,1,0
BRDA:34,3,0,0
BRDA:34,3,1,0
BRDA:35,4,0,0
BRDA:35,4,1,0
BRDA:43,5,0,0
BRDA:43,5,1,0
BRF:12
BRH:0
end_of_record
TN:
SF:app\modules\audit-log\audit-log.repository.ts
FN:12,(anonymous_0)
FN:37,(anonymous_1)
FNF:2
FNH:0
FNDA:0,(anonymous_0)
FNDA:0,(anonymous_1)
DA:12,3
DA:33,0
DA:37,3
DA:41,0
LF:4
LH:2
BRDA:39,0,0,0
BRF:1
BRH:0
end_of_record
TN:
SF:app\modules\audit-log\audit-log.service.ts
FN:5,(anonymous_0)
FN:43,(anonymous_1)
FN:73,(anonymous_2)
FNF:3
FNH:3
FNDA:2,(anonymous_0)
FNDA:2,(anonymous_1)
FNDA:1,(anonymous_2)
DA:5,3
DA:27,2
DA:28,2
DA:37,1
DA:43,3
DA:49,2
DA:51,2
DA:52,2
DA:55,2
DA:56,1
DA:57,1
DA:58,1
DA:59,1
DA:60,1
DA:61,1
DA:65,2
DA:66,2
DA:72,2
DA:73,2
LF:19
LH:19
BRDA:34,0,0,2
BRDA:34,0,1,0
BRDA:51,1,0,2
BRDA:51,1,1,0
BRDA:51,2,0,2
BRDA:51,2,1,2
BRDA:55,3,0,1
BRDA:55,3,1,1
BRDA:55,4,0,2
BRDA:55,4,1,1
BRDA:57,5,0,1
BRDA:57,5,1,0
BRDA:58,6,0,1
BRDA:58,6,1,0
BRDA:65,7,0,2
BRDA:65,7,1,0
BRDA:80,8,0,1
BRDA:80,8,1,0
BRF:18
BRH:12
end_of_record
TN:
SF:app\modules\auth\auth.repository.ts
FN:7,(anonymous_0)
FN:9,(anonymous_1)
FN:11,(anonymous_2)
FN:13,(anonymous_3)
FN:17,(anonymous_4)
FN:20,(anonymous_5)
FN:23,(anonymous_6)
FN:26,(anonymous_7)
FN:28,(anonymous_8)
FN:31,(anonymous_9)
FN:34,(anonymous_10)
FN:36,(anonymous_11)
FN:43,(anonymous_12)
FN:46,(anonymous_13)
FNF:14
FNH:6
FNDA:11,(anonymous_0)
FNDA:6,(anonymous_1)
FNDA:1,(anonymous_2)
FNDA:0,(anonymous_3)
FNDA:0,(anonymous_4)
FNDA:0,(anonymous_5)
FNDA:0,(anonymous_6)
FNDA:6,(anonymous_7)
FNDA:10,(anonymous_8)
FNDA:4,(anonymous_9)
FNDA:0,(anonymous_10)
FNDA:0,(anonymous_11)
FNDA:0,(anonymous_12)
FNDA:0,(anonymous_13)
DA:7,11
DA:9,6
DA:11,6
DA:13,6
DA:14,0
DA:17,6
DA:18,0
DA:20,6
DA:21,0
DA:23,6
DA:24,0
DA:26,6
DA:28,10
DA:31,6
DA:32,4
DA:34,6
DA:36,6
DA:37,0
DA:43,6
DA:44,0
DA:46,6
LF:21
LH:15
BRF:0
BRH:0
end_of_record
TN:
SF:app\modules\auth\auth.service.ts
FN:39,(anonymous_0)
FN:40,(anonymous_1)
FN:43,(anonymous_2)
FN:51,(anonymous_3)
FN:61,(anonymous_4)
FN:73,(anonymous_5)
FN:88,(anonymous_6)
FN:95,(anonymous_7)
FN:111,(anonymous_8)
FN:162,(anonymous_9)
FN:170,(anonymous_10)
FN:208,(anonymous_11)
FN:251,(anonymous_12)
FN:253,(anonymous_13)
FN:271,(anonymous_14)
FN:298,(anonymous_15)
FN:302,(anonymous_16)
FN:312,(anonymous_17)
FN:341,(anonymous_18)
FNF:19
FNH:13
FNDA:15,(anonymous_0)
FNDA:17,(anonymous_1)
FNDA:15,(anonymous_2)
FNDA:13,(anonymous_3)
FNDA:0,(anonymous_4)
FNDA:1,(anonymous_5)
FNDA:0,(anonymous_6)
FNDA:2,(anonymous_7)
FNDA:11,(anonymous_8)
FNDA:0,(anonymous_9)
FNDA:4,(anonymous_10)
FNDA:6,(anonymous_11)
FNDA:0,(anonymous_12)
FNDA:1,(anonymous_13)
FNDA:4,(anonymous_14)
FNDA:2,(anonymous_15)
FNDA:2,(anonymous_16)
FNDA:0,(anonymous_17)
FNDA:0,(anonymous_18)
DA:29,4
DA:30,4
DA:31,4
DA:32,4
DA:33,4
DA:39,15
DA:40,4
DA:41,17
DA:43,4
DA:44,15
DA:51,4
DA:52,13
DA:61,4
DA:62,0
DA:63,0
DA:65,0
DA:66,0
DA:67,0
DA:68,0
DA:70,0
DA:73,4
DA:75,1
DA:77,1
DA:79,1
DA:82,1
DA:83,1
DA:84,1
DA:85,1
DA:88,1
DA:89,0
DA:92,1
DA:95,4
DA:96,2
DA:97,2
DA:99,2
DA:100,1
DA:103,1
DA:104,0
DA:107,1
DA:108,1
DA:111,4
DA:113,11
DA:116,11
DA:117,2
DA:120,9
DA:121,9
DA:123,9
DA:127,1
DA:131,8
DA:134,8
DA:136,0
DA:137,0
DA:138,0
DA:140,0
DA:141,0
DA:144,8
DA:151,8
DA:152,8
DA:155,8
DA:156,11
DA:157,11
DA:158,8
DA:161,8
DA:162,8
DA:163,0
DA:167,8
DA:170,4
DA:171,4
DA:175,0
DA:176,4
DA:178,4
DA:179,1
DA:182,3
DA:183,1
DA:188,2
DA:189,2
DA:191,1
DA:192,1
DA:195,1
DA:198,1
DA:199,1
DA:200,1
DA:201,1
DA:202,1
DA:205,1
DA:208,4
DA:209,6
DA:211,6
DA:215,6
DA:217,6
DA:218,0
DA:223,6
DA:224,1
DA:227,5
DA:228,0
DA:231,5
DA:232,5
DA:234,4
DA:235,4
DA:238,4
DA:241,4
DA:242,4
DA:243,4
DA:244,4
DA:245,4
DA:248,4
DA:251,4
DA:253,4
DA:257,1
DA:258,1
DA:259,1
DA:261,1
DA:262,1
DA:264,1
DA:265,1
DA:266,1
DA:271,4
DA:274,4
DA:275,4
DA:277,1
DA:281,3
DA:282,3
DA:283,1
DA:286,2
DA:287,0
DA:293,2
DA:295,2
DA:298,4
DA:299,2
DA:300,2
DA:301,2
DA:302,2
DA:304,1
DA:306,2
DA:312,4
DA:313,0
DA:318,0
DA:319,0
DA:324,0
DA:326,0
DA:327,0
DA:328,0
DA:332,0
DA:333,0
DA:336,0
DA:341,4
DA:342,0
DA:344,0
DA:345,0
DA:346,0
DA:347,0
DA:349,0
DA:350,0
DA:351,0
DA:352,0
DA:353,0
LF:156
LH:117
BRDA:41,0,0,17
BRDA:41,0,1,0
BRDA:65,1,0,0
BRDA:65,1,1,0
BRDA:67,2,0,0
BRDA:67,2,1,0
BRDA:97,3,0,0
BRDA:97,3,1,2
BRDA:99,4,0,1
BRDA:99,4,1,1
BRDA:103,5,0,0
BRDA:103,5,1,1
BRDA:116,6,0,2
BRDA:116,6,1,9
BRDA:116,7,0,11
BRDA:116,7,1,2
BRDA:120,8,0,9
BRDA:120,8,1,0
BRDA:123,9,0,1
BRDA:123,9,1,8
BRDA:124,10,0,9
BRDA:124,10,1,1
BRDA:124,10,2,0
BRDA:134,11,0,0
BRDA:134,11,1,8
BRDA:134,12,0,8
BRDA:134,12,1,0
BRDA:138,13,0,0
BRDA:138,13,1,0
BRDA:155,14,0,8
BRDA:155,14,1,0
BRDA:157,15,0,1
BRDA:157,15,1,10
BRDA:161,16,0,8
BRDA:161,16,1,0
BRDA:171,17,0,4
BRDA:171,17,1,0
BRDA:175,18,0,0
BRDA:175,18,1,0
BRDA:176,19,0,0
BRDA:176,19,1,4
BRDA:178,20,0,1
BRDA:178,20,1,3
BRDA:182,21,0,1
BRDA:182,21,1,2
BRDA:189,22,0,1
BRDA:189,22,1,1
BRDA:198,23,0,1
BRDA:198,23,1,0
BRDA:199,24,0,1
BRDA:199,24,1,0
BRDA:201,25,0,0
BRDA:201,25,1,1
BRDA:209,26,0,0
BRDA:209,26,1,6
BRDA:209,27,0,6
BRDA:209,27,1,0
BRDA:211,28,0,0
BRDA:211,28,1,6
BRDA:215,29,0,0
BRDA:215,29,1,6
BRDA:217,30,0,0
BRDA:217,30,1,6
BRDA:223,31,0,1
BRDA:223,31,1,5
BRDA:227,32,0,0
BRDA:227,32,1,5
BRDA:232,33,0,1
BRDA:232,33,1,4
BRDA:241,34,0,4
BRDA:241,34,1,0
BRDA:242,35,0,4
BRDA:242,35,1,0
BRDA:244,36,0,0
BRDA:244,36,1,4
BRDA:258,37,0,0
BRDA:258,37,1,1
BRDA:259,38,0,0
BRDA:259,38,1,1
BRDA:262,39,0,0
BRDA:262,39,1,1
BRDA:282,40,0,1
BRDA:282,40,1,2
BRDA:282,41,0,3
BRDA:282,41,1,3
BRDA:286,42,0,0
BRDA:286,42,1,2
BRDA:300,43,0,2
BRDA:300,43,1,0
BRDA:300,44,0,2
BRDA:300,44,1,2
BRDA:301,45,0,1
BRDA:301,45,1,1
BRDA:313,46,0,0
BRDA:313,46,1,0
BRDA:318,47,0,0
BRDA:318,47,1,0
BRDA:332,48,0,0
BRDA:332,48,1,0
BRDA:344,49,0,0
BRDA:344,49,1,0
BRDA:344,50,0,0
BRDA:344,50,1,0
BRDA:346,51,0,0
BRDA:346,51,1,0
BRF:105
BRH:57
end_of_record
TN:
SF:app\modules\brand\brand.repository.ts
FN:8,(anonymous_0)
FN:11,(anonymous_1)
FN:13,(anonymous_2)
FN:15,(anonymous_3)
FN:17,(anonymous_4)
FN:19,(anonymous_5)
FN:21,(anonymous_6)
FN:23,(anonymous_7)
FNF:8
FNH:0
FNDA:0,(anonymous_0)
FNDA:0,(anonymous_1)
FNDA:0,(anonymous_2)
FNDA:0,(anonymous_3)
FNDA:0,(anonymous_4)
FNDA:0,(anonymous_5)
FNDA:0,(anonymous_6)
FNDA:0,(anonymous_7)
DA:8,3
DA:9,0
DA:11,3
DA:13,3
DA:15,3
DA:17,3
DA:19,3
DA:21,3
DA:23,3
LF:9
LH:8
BRF:0
BRH:0
end_of_record
TN:
SF:app\modules\brand\brand.service.ts
FN:9,(anonymous_0)
FN:22,(anonymous_1)
FN:32,(anonymous_2)
FN:38,(anonymous_3)
FN:44,(anonymous_4)
FN:46,(anonymous_5)
FN:50,(anonymous_6)
FN:51,(anonymous_7)
FN:52,(anonymous_8)
FN:64,(anonymous_9)
FN:85,(anonymous_10)
FN:89,(anonymous_11)
FN:99,(anonymous_12)
FN:106,(anonymous_13)
FN:114,(anonymous_14)
FN:139,(anonymous_15)
FN:148,(anonymous_16)
FNF:17
FNH:10
FNDA:3,(anonymous_0)
FNDA:2,(anonymous_1)
FNDA:2,(anonymous_2)
FNDA:2,(anonymous_3)
FNDA:0,(anonymous_4)
FNDA:0,(anonymous_5)
FNDA:0,(anonymous_6)
FNDA:0,(anonymous_7)
FNDA:0,(anonymous_8)
FNDA:1,(anonymous_9)
FNDA:1,(anonymous_10)
FNDA:1,(anonymous_11)
FNDA:0,(anonymous_12)
FNDA:2,(anonymous_13)
FNDA:1,(anonymous_14)
FNDA:0,(anonymous_15)
FNDA:2,(anonymous_16)
DA:9,3
DA:10,3
DA:22,3
DA:25,2
DA:27,2
DA:28,2
DA:29,2
DA:32,2
DA:37,2
DA:38,2
DA:44,3
DA:45,0
DA:46,0
DA:47,0
DA:49,0
DA:50,0
DA:51,0
DA:52,0
DA:64,3
DA:70,1
DA:71,1
DA:72,1
DA:74,1
DA:75,1
DA:76,1
DA:77,1
DA:79,1
DA:85,1
DA:86,1
DA:88,1
DA:89,1
DA:99,3
DA:100,0
DA:101,0
DA:102,0
DA:103,0
DA:106,3
DA:107,2
DA:108,2
DA:109,2
DA:110,1
DA:111,1
DA:114,3
DA:115,1
DA:116,1
DA:118,1
DA:119,1
DA:120,1
DA:124,1
DA:125,1
DA:126,1
DA:129,1
DA:130,1
DA:131,1
DA:132,1
DA:134,1
DA:135,1
DA:136,1
DA:139,3
DA:140,0
DA:141,0
DA:142,0
DA:143,0
DA:144,0
DA:145,0
DA:148,3
DA:149,2
DA:150,2
DA:153,2
DA:154,2
DA:155,2
DA:156,1
DA:160,1
LF:73
LH:56
BRDA:25,0,0,0
BRDA:25,0,1,2
BRDA:50,1,0,0
BRDA:50,1,1,0
BRDA:67,2,0,1
BRDA:68,3,0,1
BRDA:70,4,0,1
BRDA:70,4,1,0
BRDA:71,5,0,1
BRDA:71,5,1,0
BRDA:75,6,0,0
BRDA:75,6,1,1
BRDA:76,7,0,0
BRDA:76,7,1,1
BRDA:77,8,0,0
BRDA:77,8,1,1
BRDA:89,9,0,1
BRDA:89,9,1,0
BRDA:101,10,0,0
BRDA:101,10,1,0
BRDA:103,11,0,0
BRDA:103,11,1,0
BRDA:109,12,0,1
BRDA:109,12,1,1
BRDA:116,13,0,0
BRDA:116,13,1,1
BRDA:118,14,0,1
BRDA:118,14,1,0
BRDA:124,15,0,0
BRDA:124,15,1,1
BRDA:129,16,0,0
BRDA:129,16,1,1
BRDA:130,17,0,0
BRDA:130,17,1,1
BRDA:131,18,0,0
BRDA:131,18,1,1
BRDA:132,19,0,0
BRDA:132,19,1,1
BRDA:136,20,0,1
BRDA:136,20,1,0
BRDA:141,21,0,0
BRDA:141,21,1,0
BRDA:145,22,0,0
BRDA:145,22,1,0
BRDA:150,23,0,0
BRDA:150,23,1,2
BRDA:155,24,0,1
BRDA:155,24,1,1
BRF:48
BRH:22
end_of_record
TN:
SF:app\modules\cart\cart.repository.ts
FN:3,(anonymous_0)
FN:16,(anonymous_1)
FN:20,(anonymous_2)
FN:24,(anonymous_3)
FNF:4
FNH:3
FNDA:3,(anonymous_0)
FNDA:2,(anonymous_1)
FNDA:1,(anonymous_2)
FNDA:0,(anonymous_3)
DA:3,3
DA:6,3
DA:16,3
DA:17,2
DA:20,3
DA:21,1
DA:24,3
DA:25,0
LF:8
LH:7
BRF:0
BRH:0
end_of_record
TN:
SF:app\modules\cart\cart.service.ts
FN:8,(anonymous_0)
FN:16,(anonymous_1)
FN:27,(anonymous_2)
FN:45,(anonymous_3)
FN:59,(anonymous_4)
FN:76,(anonymous_5)
FN:80,(anonymous_6)
FN:99,(anonymous_7)
FN:103,(anonymous_8)
FN:111,(anonymous_9)
FNF:10
FNH:3
FNDA:3,(anonymous_0)
FNDA:2,(anonymous_1)
FNDA:2,(anonymous_2)
FNDA:0,(anonymous_3)
FNDA:0,(anonymous_4)
FNDA:0,(anonymous_5)
FNDA:0,(anonymous_6)
FNDA:0,(anonymous_7)
FNDA:0,(anonymous_8)
FNDA:0,(anonymous_9)
DA:8,3
DA:9,3
DA:10,3
DA:11,2
DA:13,3
DA:16,3
DA:17,2
DA:18,2
DA:19,1
DA:22,2
DA:24,2
DA:25,2
DA:27,2
DA:28,2
DA:31,2
DA:32,1
DA:34,1
DA:41,2
DA:42,2
DA:45,3
DA:46,0
DA:47,0
DA:48,0
DA:51,0
DA:52,0
DA:55,0
DA:56,0
DA:59,0
DA:60,0
DA:63,0
DA:64,0
DA:65,0
DA:67,0
DA:69,0
DA:72,0
DA:73,0
DA:76,3
DA:77,0
DA:78,0
DA:80,0
DA:81,0
DA:84,0
DA:86,0
DA:87,0
DA:89,0
DA:90,0
DA:93,0
DA:95,0
DA:96,0
DA:99,3
DA:100,0
DA:101,0
DA:103,0
DA:104,0
DA:107,0
DA:108,0
DA:111,3
DA:112,0
LF:58
LH:23
BRDA:10,0,0,2
BRDA:10,0,1,1
BRDA:18,1,0,1
BRDA:18,1,1,1
BRDA:25,2,0,0
BRDA:25,2,1,2
BRDA:28,3,0,2
BRDA:28,3,1,1
BRDA:31,4,0,1
BRDA:31,4,1,1
BRDA:47,5,0,0
BRDA:47,5,1,0
BRDA:52,6,0,0
BRDA:52,6,1,0
BRDA:55,7,0,0
BRDA:55,7,1,0
BRDA:60,8,0,0
BRDA:60,8,1,0
BRDA:63,9,0,0
BRDA:63,9,1,0
BRDA:64,10,0,0
BRDA:64,10,1,0
BRDA:78,11,0,0
BRDA:78,11,1,0
BRDA:81,12,0,0
BRDA:81,12,1,0
BRDA:84,13,0,0
BRDA:84,13,1,0
BRDA:87,14,0,0
BRDA:87,14,1,0
BRDA:89,15,0,0
BRDA:89,15,1,0
BRDA:101,16,0,0
BRDA:101,16,1,0
BRDA:104,17,0,0
BRDA:104,17,1,0
BRF:36
BRH:9
end_of_record
TN:
SF:app\modules\category\category.repository.ts
FN:11,(anonymous_0)
FN:18,(anonymous_1)
FN:20,(anonymous_2)
FN:22,(anonymous_3)
FN:24,(anonymous_4)
FN:26,(anonymous_5)
FN:28,(anonymous_6)
FN:30,(anonymous_7)
FN:32,(anonymous_8)
FN:35,(anonymous_9)
FN:40,(anonymous_10)
FN:43,(anonymous_11)
FN:51,(anonymous_12)
FNF:13
FNH:0
FNDA:0,(anonymous_0)
FNDA:0,(anonymous_1)
FNDA:0,(anonymous_2)
FNDA:0,(anonymous_3)
FNDA:0,(anonymous_4)
FNDA:0,(anonymous_5)
FNDA:0,(anonymous_6)
FNDA:0,(anonymous_7)
FNDA:0,(anonymous_8)
FNDA:0,(anonymous_9)
FNDA:0,(anonymous_10)
FNDA:0,(anonymous_11)
FNDA:0,(anonymous_12)
DA:11,3
DA:12,0
DA:18,3
DA:20,3
DA:22,3
DA:24,3
DA:26,3
DA:28,3
DA:30,3
DA:32,3
DA:33,0
DA:35,3
DA:36,0
DA:40,3
DA:41,0
DA:43,3
DA:46,0
DA:50,0
DA:51,0
DA:52,0
LF:20
LH:12
BRF:0
BRH:0
end_of_record
TN:
SF:app\modules\category\category.service.ts
FN:14,(anonymous_0)
FN:26,(anonymous_1)
FN:45,(anonymous_2)
FN:54,(anonymous_3)
FN:57,(anonymous_4)
FN:64,(anonymous_5)
FN:67,(anonymous_6)
FN:76,(anonymous_7)
FN:84,(anonymous_8)
FN:89,(anonymous_9)
FN:104,(anonymous_10)
FN:126,(anonymous_11)
FN:130,(anonymous_12)
FN:143,(anonymous_13)
FN:149,(anonymous_14)
FN:158,(anonymous_15)
FN:194,(anonymous_16)
FN:202,(anonymous_17)
FNF:18
FNH:8
FNDA:4,(anonymous_0)
FNDA:3,(anonymous_1)
FNDA:0,(anonymous_2)
FNDA:0,(anonymous_3)
FNDA:0,(anonymous_4)
FNDA:0,(anonymous_5)
FNDA:0,(anonymous_6)
FNDA:0,(anonymous_7)
FNDA:0,(anonymous_8)
FNDA:0,(anonymous_9)
FNDA:1,(anonymous_10)
FNDA:1,(anonymous_11)
FNDA:1,(anonymous_12)
FNDA:0,(anonymous_13)
FNDA:3,(anonymous_14)
FNDA:2,(anonymous_15)
FNDA:0,(anonymous_16)
FNDA:2,(anonymous_17)
DA:14,3
DA:15,4
DA:26,3
DA:27,3
DA:28,2
DA:29,0
DA:32,2
DA:33,2
DA:34,1
DA:41,3
DA:43,3
DA:45,3
DA:46,0
DA:47,0
DA:48,0
DA:52,0
DA:53,0
DA:54,0
DA:57,0
DA:58,0
DA:59,0
DA:63,0
DA:64,0
DA:66,0
DA:67,0
DA:68,0
DA:69,0
DA:71,0
DA:76,0
DA:77,0
DA:78,0
DA:79,0
DA:81,0
DA:82,0
DA:84,0
DA:86,0
DA:89,3
DA:90,0
DA:91,0
DA:92,0
DA:104,3
DA:110,1
DA:111,1
DA:112,1
DA:115,1
DA:116,1
DA:117,1
DA:118,1
DA:120,1
DA:125,1
DA:126,1
DA:129,1
DA:131,1
DA:132,1
DA:143,3
DA:144,0
DA:145,0
DA:146,0
DA:149,3
DA:150,3
DA:151,3
DA:152,3
DA:153,2
DA:154,1
DA:155,1
DA:158,3
DA:159,2
DA:160,2
DA:162,2
DA:163,1
DA:164,1
DA:168,1
DA:169,1
DA:170,1
DA:173,2
DA:174,2
DA:175,2
DA:176,2
DA:177,2
DA:178,1
DA:179,2
DA:180,2
DA:183,2
DA:187,1
DA:190,1
DA:191,1
DA:194,3
DA:195,0
DA:196,0
DA:197,0
DA:198,0
DA:199,0
DA:202,3
DA:203,2
DA:204,2
DA:205,2
DA:206,2
DA:207,1
LF:98
LH:62
BRDA:27,0,0,1
BRDA:27,0,1,2
BRDA:28,1,0,0
BRDA:28,1,1,2
BRDA:33,2,0,1
BRDA:33,2,1,1
BRDA:41,3,0,3
BRDA:41,3,1,3
BRDA:47,4,0,0
BRDA:47,4,1,0
BRDA:47,5,0,0
BRDA:47,5,1,0
BRDA:58,6,0,0
BRDA:58,6,1,0
BRDA:68,7,0,0
BRDA:68,7,1,0
BRDA:68,8,0,0
BRDA:68,8,1,0
BRDA:77,9,0,0
BRDA:77,9,1,0
BRDA:78,10,0,0
BRDA:78,10,1,0
BRDA:91,11,0,0
BRDA:91,11,1,0
BRDA:107,12,0,1
BRDA:108,13,0,1
BRDA:110,14,0,1
BRDA:110,14,1,0
BRDA:111,15,0,1
BRDA:111,15,1,0
BRDA:116,16,0,0
BRDA:116,16,1,1
BRDA:117,17,0,0
BRDA:117,17,1,1
BRDA:118,18,0,0
BRDA:118,18,1,1
BRDA:131,19,0,1
BRDA:131,19,1,0
BRDA:145,20,0,0
BRDA:145,20,1,0
BRDA:152,21,0,1
BRDA:152,21,1,2
BRDA:160,22,0,0
BRDA:160,22,1,2
BRDA:162,23,0,1
BRDA:162,23,1,1
BRDA:168,24,0,0
BRDA:168,24,1,1
BRDA:173,25,0,0
BRDA:173,25,1,2
BRDA:174,26,0,0
BRDA:174,26,1,2
BRDA:175,27,0,0
BRDA:175,27,1,2
BRDA:176,28,0,0
BRDA:176,28,1,2
BRDA:177,29,0,1
BRDA:177,29,1,1
BRDA:179,30,0,0
BRDA:179,30,1,2
BRDA:180,31,0,0
BRDA:180,31,1,2
BRDA:183,32,0,1
BRDA:183,32,1,1
BRDA:184,33,0,2
BRDA:184,33,1,1
BRDA:196,34,0,0
BRDA:196,34,1,0
BRDA:204,35,0,0
BRDA:204,35,1,2
BRDA:206,36,0,1
BRDA:206,36,1,1
BRF:72
BRH:36
end_of_record
TN:
SF:app\modules\inventory\inventory.repository.ts
FN:16,(anonymous_0)
FN:18,(anonymous_1)
FN:20,(anonymous_2)
FN:24,(anonymous_3)
FN:39,(anonymous_4)
FN:42,(anonymous_5)
FN:44,(anonymous_6)
FN:46,(anonymous_7)
FN:48,(anonymous_8)
FN:60,(anonymous_9)
FN:67,(anonymous_10)
FN:72,(anonymous_11)
FN:82,(anonymous_12)
FN:87,(anonymous_13)
FN:104,(anonymous_14)
FN:114,(anonymous_15)
FN:119,(anonymous_16)
FN:122,(anonymous_17)
FN:124,(anonymous_18)
FN:132,(anonymous_19)
FN:136,(anonymous_20)
FN:147,(anonymous_21)
FN:152,(anonymous_22)
FN:182,(anonymous_23)
FNF:24
FNH:12
FNDA:0,(anonymous_0)
FNDA:2,(anonymous_1)
FNDA:1,(anonymous_2)
FNDA:0,(anonymous_3)
FNDA:0,(anonymous_4)
FNDA:4,(anonymous_5)
FNDA:1,(anonymous_6)
FNDA:0,(anonymous_7)
FNDA:2,(anonymous_8)
FNDA:0,(anonymous_9)
FNDA:0,(anonymous_10)
FNDA:0,(anonymous_11)
FNDA:0,(anonymous_12)
FNDA:2,(anonymous_13)
FNDA:1,(anonymous_14)
FNDA:1,(anonymous_15)
FNDA:2,(anonymous_16)
FNDA:2,(anonymous_17)
FNDA:1,(anonymous_18)
FNDA:0,(anonymous_19)
FNDA:0,(anonymous_20)
FNDA:0,(anonymous_21)
FNDA:1,(anonymous_22)
FNDA:0,(anonymous_23)
DA:16,8
DA:18,8
DA:20,8
DA:24,8
DA:29,0
DA:39,8
DA:40,0
DA:42,8
DA:44,8
DA:46,8
DA:48,8
DA:53,2
DA:60,8
DA:63,0
DA:67,0
DA:72,8
DA:73,0
DA:74,0
DA:82,8
DA:83,0
DA:84,0
DA:87,8
DA:99,2
DA:104,8
DA:114,1
DA:119,8
DA:122,2
DA:124,8
DA:128,1
DA:132,8
DA:134,0
DA:136,8
DA:141,0
DA:147,8
DA:150,0
DA:152,8
DA:157,1
DA:158,1
DA:159,1
DA:161,1
DA:162,0
DA:164,0
DA:165,0
DA:167,0
DA:168,0
DA:170,0
DA:171,0
DA:177,1
DA:182,8
DA:183,0
LF:50
LH:31
BRDA:73,0,0,0
BRDA:73,0,1,0
BRDA:83,1,0,0
BRDA:83,1,1,0
BRDA:130,2,0,1
BRDA:130,2,1,0
BRDA:162,3,0,0
BRDA:162,3,1,0
BRDA:182,4,0,0
BRF:9
BRH:1
end_of_record
TN:
SF:app\modules\inventory\inventory.service.ts
FN:20,(anonymous_0)
FN:22,(anonymous_1)
FN:31,(anonymous_2)
FN:61,(anonymous_3)
FN:67,(anonymous_4)
FN:74,(anonymous_5)
FN:78,(anonymous_6)
FN:117,(anonymous_7)
FN:136,(anonymous_8)
FN:166,(anonymous_9)
FN:170,(anonymous_10)
FN:178,(anonymous_11)
FN:303,(anonymous_12)
FN:382,(anonymous_13)
FNF:14
FNH:3
FNDA:0,(anonymous_0)
FNDA:3,(anonymous_1)
FNDA:0,(anonymous_2)
FNDA:0,(anonymous_3)
FNDA:0,(anonymous_4)
FNDA:0,(anonymous_5)
FNDA:0,(anonymous_6)
FNDA:0,(anonymous_7)
FNDA:0,(anonymous_8)
FNDA:0,(anonymous_9)
FNDA:0,(anonymous_10)
FNDA:5,(anonymous_11)
FNDA:6,(anonymous_12)
FNDA:0,(anonymous_13)
DA:13,4
DA:15,4
DA:16,4
DA:20,4
DA:22,4
DA:23,3
DA:24,1
DA:26,2
DA:31,4
DA:44,0
DA:46,0
DA:47,0
DA:48,0
DA:55,0
DA:56,0
DA:61,0
DA:62,0
DA:63,0
DA:64,0
DA:66,0
DA:67,0
DA:70,0
DA:71,0
DA:74,0
DA:75,0
DA:78,0
DA:79,0
DA:80,0
DA:81,0
DA:104,0
DA:117,4
DA:130,0
DA:131,0
DA:136,0
DA:137,0
DA:138,0
DA:153,0
DA:166,4
DA:167,0
DA:170,4
DA:171,0
DA:172,0
DA:173,0
DA:178,4
DA:182,5
DA:183,5
DA:184,5
DA:185,1
DA:188,4
DA:189,4
DA:191,2
DA:192,2
DA:193,2
DA:195,2
DA:196,2
DA:197,2
DA:204,0
DA:207,2
DA:208,2
DA:210,2
DA:213,2
DA:214,0
DA:216,2
DA:217,2
DA:230,2
DA:231,2
DA:233,2
DA:235,2
DA:236,2
DA:238,2
DA:250,2
DA:251,2
DA:254,2
DA:255,2
DA:261,2
DA:274,2
DA:290,2
DA:292,0
DA:293,0
DA:295,2
DA:298,2
DA:303,4
DA:307,6
DA:309,6
DA:310,6
DA:312,5
DA:313,6
DA:315,6
DA:317,3
DA:319,3
DA:321,3
DA:322,3
DA:324,3
DA:330,3
DA:331,2
DA:332,1
DA:333,1
DA:334,1
DA:346,3
DA:347,0
DA:352,0
DA:353,0
DA:357,3
DA:370,3
DA:372,0
DA:373,0
DA:375,3
DA:378,3
DA:382,4
DA:383,0
DA:385,0
DA:386,0
DA:388,0
DA:389,0
DA:391,0
LF:115
LH:69
BRDA:23,0,0,1
BRDA:23,0,1,2
BRDA:23,1,0,3
BRDA:23,1,1,2
BRDA:33,2,0,0
BRDA:34,3,0,0
BRDA:46,4,0,0
BRDA:46,4,1,0
BRDA:70,5,0,0
BRDA:70,5,1,0
BRDA:74,6,0,0
BRDA:74,6,1,0
BRDA:83,7,0,0
BRDA:83,7,1,0
BRDA:83,8,0,0
BRDA:83,8,1,0
BRDA:83,9,0,0
BRDA:83,9,1,0
BRDA:86,10,0,0
BRDA:86,10,1,0
BRDA:86,10,2,0
BRDA:88,11,0,0
BRDA:88,11,1,0
BRDA:89,12,0,0
BRDA:89,12,1,0
BRDA:90,13,0,0
BRDA:90,13,1,0
BRDA:91,14,0,0
BRDA:91,14,1,0
BRDA:91,14,2,0
BRDA:92,15,0,0
BRDA:92,15,1,0
BRDA:93,16,0,0
BRDA:93,16,1,0
BRDA:93,16,2,0
BRDA:94,17,0,0
BRDA:94,17,1,0
BRDA:100,18,0,0
BRDA:100,18,1,0
BRDA:140,19,0,0
BRDA:140,19,1,0
BRDA:143,20,0,0
BRDA:143,20,1,0
BRDA:144,21,0,0
BRDA:144,21,1,0
BRDA:172,22,0,0
BRDA:172,22,1,0
BRDA:183,23,0,0
BRDA:183,23,1,5
BRDA:184,24,0,1
BRDA:184,24,1,4
BRDA:184,25,0,5
BRDA:184,25,1,5
BRDA:184,25,2,5
BRDA:189,26,0,2
BRDA:189,26,1,2
BRDA:197,27,0,0
BRDA:197,27,1,2
BRDA:198,28,0,2
BRDA:198,28,1,2
BRDA:198,28,2,2
BRDA:198,28,3,2
BRDA:198,28,4,2
BRDA:208,29,0,0
BRDA:208,29,1,2
BRDA:213,30,0,0
BRDA:213,30,1,2
BRDA:254,31,0,2
BRDA:254,31,1,0
BRDA:310,32,0,1
BRDA:310,32,1,5
BRDA:312,33,0,5
BRDA:312,33,1,0
BRDA:313,34,0,6
BRDA:313,34,1,0
BRDA:315,35,0,2
BRDA:315,35,1,4
BRDA:315,36,0,6
BRDA:315,36,1,2
BRDA:330,37,0,2
BRDA:330,37,1,1
BRDA:332,38,0,1
BRDA:332,38,1,0
BRDA:346,39,0,0
BRDA:346,39,1,3
BRDA:352,40,0,0
BRDA:352,40,1,0
BRDA:386,41,0,0
BRDA:386,41,1,0
BRF:89
BRH:33
end_of_record
TN:
SF:app\modules\marketing\flash-sale.repository.ts
FN:3,(anonymous_0)
FN:19,(anonymous_1)
FN:36,(anonymous_2)
FN:50,(anonymous_3)
FN:54,(anonymous_4)
FN:65,(anonymous_5)
FN:69,(anonymous_6)
FN:80,(anonymous_7)
FN:84,(anonymous_8)
FNF:9
FNH:1
FNDA:5,(anonymous_0)
FNDA:0,(anonymous_1)
FNDA:0,(anonymous_2)
FNDA:0,(anonymous_3)
FNDA:0,(anonymous_4)
FNDA:0,(anonymous_5)
FNDA:0,(anonymous_6)
FNDA:0,(anonymous_7)
FNDA:0,(anonymous_8)
DA:3,7
DA:4,5
DA:5,5
DA:19,7
DA:20,0
DA:21,0
DA:36,7
DA:37,0
DA:50,7
DA:51,0
DA:54,7
DA:55,0
DA:65,7
DA:66,0
DA:69,7
DA:70,0
DA:80,7
DA:81,0
DA:84,7
DA:90,0
LF:20
LH:11
BRF:0
BRH:0
end_of_record
TN:
SF:app\modules\marketing\flash-sale.service.ts
FN:9,(anonymous_0)
FN:15,(anonymous_1)
FN:20,(anonymous_2)
FN:35,(anonymous_3)
FN:42,(anonymous_4)
FN:47,(anonymous_5)
FN:59,(anonymous_6)
FN:66,(anonymous_7)
FN:68,(anonymous_8)
FN:84,(anonymous_9)
FNF:10
FNH:7
FNDA:2,(anonymous_0)
FNDA:0,(anonymous_1)
FNDA:0,(anonymous_2)
FNDA:0,(anonymous_3)
FNDA:1,(anonymous_4)
FNDA:1,(anonymous_5)
FNDA:3,(anonymous_6)
FNDA:1,(anonymous_7)
FNDA:1,(anonymous_8)
FNDA:3,(anonymous_9)
DA:9,3
DA:10,2
DA:11,2
DA:12,1
DA:15,3
DA:16,0
DA:17,0
DA:20,3
DA:21,0
DA:22,0
DA:23,0
DA:24,0
DA:35,3
DA:36,0
DA:37,0
DA:38,0
DA:39,0
DA:42,3
DA:45,1
DA:47,1
DA:55,1
DA:56,1
DA:59,3
DA:60,3
DA:61,2
DA:62,2
DA:64,1
DA:68,1
DA:69,1
DA:71,1
DA:81,1
DA:84,3
DA:85,3
DA:86,2
DA:87,2
DA:88,1
DA:89,1
LF:37
LH:27
BRDA:11,0,0,1
BRDA:11,0,1,1
BRDA:20,1,0,0
BRDA:20,2,0,0
BRDA:36,3,0,0
BRDA:36,3,1,0
BRDA:38,4,0,0
BRDA:38,4,1,0
BRDA:60,5,0,1
BRDA:60,5,1,2
BRDA:62,6,0,1
BRDA:62,6,1,1
BRDA:76,7,0,1
BRDA:76,7,1,0
BRDA:85,8,0,1
BRDA:85,8,1,2
BRDA:87,9,0,1
BRDA:87,9,1,1
BRF:18
BRH:11
end_of_record
TN:
SF:app\modules\order\order.repository.ts
FN:13,(anonymous_0)
FN:16,(anonymous_1)
FN:18,(anonymous_2)
FN:20,(anonymous_3)
FN:22,(anonymous_4)
FN:24,(anonymous_5)
FN:30,(anonymous_6)
FN:35,(anonymous_7)
FN:37,(anonymous_8)
FN:41,(anonymous_9)
FN:44,(anonymous_10)
FN:47,(anonymous_11)
FN:53,(anonymous_12)
FN:59,(anonymous_13)
FN:79,(anonymous_14)
FNF:15
FNH:8
FNDA:0,(anonymous_0)
FNDA:0,(anonymous_1)
FNDA:2,(anonymous_2)
FNDA:2,(anonymous_3)
FNDA:0,(anonymous_4)
FNDA:6,(anonymous_5)
FNDA:0,(anonymous_6)
FNDA:0,(anonymous_7)
FNDA:2,(anonymous_8)
FNDA:0,(anonymous_9)
FNDA:5,(anonymous_10)
FNDA:0,(anonymous_11)
FNDA:5,(anonymous_12)
FNDA:5,(anonymous_13)
FNDA:1,(anonymous_14)
DA:13,8
DA:14,0
DA:16,8
DA:18,8
DA:20,8
DA:22,8
DA:24,8
DA:25,6
DA:30,8
DA:31,0
DA:32,0
DA:35,8
DA:37,8
DA:41,8
DA:42,0
DA:44,8
DA:45,5
DA:47,8
DA:48,0
DA:50,0
DA:53,8
DA:54,5
DA:56,5
DA:59,8
DA:64,5
DA:66,5
DA:71,0
DA:72,0
DA:76,0
DA:79,8
DA:84,1
DA:86,1
LF:32
LH:23
BRDA:71,0,0,0
BRDA:71,0,1,0
BRF:2
BRH:0
end_of_record
TN:
SF:app\modules\order\order.service.ts
FN:42,(anonymous_0)
FN:44,(anonymous_1)
FN:47,(anonymous_2)
FN:49,(anonymous_3)
FN:93,(anonymous_4)
FN:161,(anonymous_5)
FN:166,(anonymous_6)
FN:179,(anonymous_7)
FN:188,(anonymous_8)
FN:328,(anonymous_9)
FN:371,(anonymous_10)
FN:427,(anonymous_11)
FN:464,(anonymous_12)
FN:491,(anonymous_13)
FN:519,(anonymous_14)
FN:595,(anonymous_15)
FN:662,(anonymous_16)
FN:683,(anonymous_17)
FNF:18
FNH:8
FNDA:1,(anonymous_0)
FNDA:2,(anonymous_1)
FNDA:5,(anonymous_2)
FNDA:0,(anonymous_3)
FNDA:0,(anonymous_4)
FNDA:1,(anonymous_5)
FNDA:3,(anonymous_6)
FNDA:0,(anonymous_7)
FNDA:5,(anonymous_8)
FNDA:0,(anonymous_9)
FNDA:0,(anonymous_10)
FNDA:4,(anonymous_11)
FNDA:0,(anonymous_12)
FNDA:0,(anonymous_13)
FNDA:9,(anonymous_14)
FNDA:0,(anonymous_15)
FNDA:0,(anonymous_16)
FNDA:0,(anonymous_17)
DA:42,5
DA:43,1
DA:44,2
DA:47,5
DA:49,5
DA:52,5
DA:53,5
DA:54,5
DA:61,5
DA:65,5
DA:93,5
DA:105,0
DA:106,0
DA:107,0
DA:110,0
DA:111,0
DA:112,0
DA:113,0
DA:115,0
DA:116,0
DA:117,0
DA:118,0
DA:119,0
DA:120,0
DA:129,0
DA:130,0
DA:134,0
DA:135,0
DA:136,0
DA:137,0
DA:138,0
DA:139,0
DA:140,0
DA:144,0
DA:149,0
DA:150,0
DA:161,5
DA:162,1
DA:163,1
DA:166,5
DA:167,3
DA:168,3
DA:170,3
DA:171,3
DA:172,3
DA:173,1
DA:175,2
DA:176,3
DA:179,5
DA:180,0
DA:181,0
DA:183,0
DA:184,0
DA:188,5
DA:198,5
DA:199,5
DA:201,5
DA:202,5
DA:203,0
DA:207,5
DA:212,2
DA:214,3
DA:216,3
DA:217,3
DA:218,1
DA:221,3
DA:224,3
DA:225,0
DA:228,3
DA:229,0
DA:230,0
DA:231,0
DA:233,3
DA:234,0
DA:235,0
DA:236,0
DA:239,3
DA:240,3
DA:242,3
DA:243,3
DA:251,3
DA:257,3
DA:258,0
DA:261,3
DA:263,3
DA:266,5
DA:272,0
DA:273,0
DA:276,0
DA:277,0
DA:278,0
DA:281,0
DA:282,0
DA:283,0
DA:284,0
DA:285,0
DA:287,0
DA:288,0
DA:289,0
DA:295,0
DA:296,0
DA:299,0
DA:304,0
DA:305,0
DA:311,0
DA:312,0
DA:315,0
DA:316,0
DA:321,0
DA:327,0
DA:328,0
DA:331,0
DA:332,0
DA:333,0
DA:342,3
DA:343,1
DA:344,1
DA:347,1
DA:348,1
DA:349,1
DA:350,1
DA:352,1
DA:356,1
DA:358,1
DA:365,1
DA:366,1
DA:371,1
DA:374,1
DA:375,1
DA:376,1
DA:383,3
DA:385,0
DA:386,0
DA:388,3
DA:392,3
DA:393,3
DA:394,3
DA:395,1
DA:396,0
DA:401,1
DA:402,0
DA:403,0
DA:406,1
DA:407,0
DA:410,1
DA:411,1
DA:412,1
DA:416,0
DA:424,3
DA:427,5
DA:433,4
DA:434,1
DA:437,3
DA:438,3
DA:440,3
DA:441,0
DA:443,3
DA:444,1
DA:448,2
DA:449,4
DA:451,4
DA:452,1
DA:455,1
DA:456,1
DA:457,1
DA:458,4
DA:459,4
DA:461,1
DA:464,5
DA:465,0
DA:466,0
DA:468,0
DA:469,0
DA:473,0
DA:474,0
DA:475,0
DA:478,0
DA:481,0
DA:482,0
DA:483,0
DA:484,0
DA:488,0
DA:491,5
DA:492,0
DA:493,0
DA:496,0
DA:497,0
DA:499,0
DA:500,0
DA:504,0
DA:505,0
DA:506,0
DA:509,0
DA:510,0
DA:511,0
DA:512,0
DA:516,0
DA:519,5
DA:523,9
DA:524,9
DA:526,9
DA:527,9
DA:528,9
DA:529,1
DA:531,8
DA:532,3
DA:534,5
DA:535,5
DA:537,5
DA:538,5
DA:544,5
DA:545,0
DA:548,5
DA:550,5
DA:551,9
DA:553,5
DA:554,1
DA:557,5
DA:558,0
DA:559,0
DA:560,0
DA:561,0
DA:567,0
DA:568,0
DA:572,5
DA:574,0
DA:575,0
DA:577,5
DA:580,5
DA:581,5
DA:582,5
DA:583,2
DA:587,5
DA:589,1
DA:592,5
DA:595,5
DA:599,0
DA:600,0
DA:602,0
DA:603,0
DA:605,0
DA:606,0
DA:608,0
DA:610,0
DA:611,0
DA:617,0
DA:618,0
DA:621,0
DA:623,0
DA:624,0
DA:626,0
DA:627,0
DA:630,0
DA:631,0
DA:632,0
DA:633,0
DA:634,0
DA:640,0
DA:641,0
DA:645,0
DA:647,0
DA:648,0
DA:650,0
DA:653,0
DA:654,0
DA:655,0
DA:656,0
DA:660,0
DA:662,5
DA:666,0
DA:667,0
DA:669,0
DA:670,0
DA:673,0
DA:679,0
DA:680,0
DA:683,5
DA:686,0
DA:687,0
DA:689,0
DA:690,0
DA:693,0
DA:694,0
DA:696,0
DA:697,0
DA:699,0
DA:700,0
DA:703,0
DA:709,0
DA:710,0
DA:713,0
DA:714,0
DA:715,0
DA:718,0
DA:719,0
DA:721,0
DA:722,0
DA:724,0
LF:298
LH:128
BRDA:43,0,0,0
BRDA:43,0,1,1
BRDA:44,1,0,2
BRDA:44,1,1,0
BRDA:50,2,0,0
BRDA:50,2,1,0
BRDA:50,3,0,0
BRDA:50,3,1,0
BRDA:53,4,0,5
BRDA:53,4,1,0
BRDA:61,5,0,0
BRDA:61,5,1,5
BRDA:61,6,0,5
BRDA:61,6,1,5
BRDA:98,7,0,0
BRDA:99,8,0,0
BRDA:105,9,0,0
BRDA:105,9,1,0
BRDA:106,10,0,0
BRDA:106,10,1,0
BRDA:111,11,0,0
BRDA:111,11,1,0
BRDA:113,12,0,0
BRDA:113,12,1,0
BRDA:115,13,0,0
BRDA:115,13,1,0
BRDA:116,14,0,0
BRDA:116,14,1,0
BRDA:117,15,0,0
BRDA:117,15,1,0
BRDA:118,16,0,0
BRDA:118,16,1,0
BRDA:119,17,0,0
BRDA:119,17,1,0
BRDA:129,18,0,0
BRDA:129,18,1,0
BRDA:129,19,0,0
BRDA:129,19,1,0
BRDA:134,20,0,0
BRDA:134,20,1,0
BRDA:134,21,0,0
BRDA:134,21,1,0
BRDA:136,22,0,0
BRDA:136,22,1,0
BRDA:137,23,0,0
BRDA:137,23,1,0
BRDA:168,24,0,0
BRDA:168,24,1,3
BRDA:170,25,0,3
BRDA:170,25,1,2
BRDA:172,26,0,1
BRDA:172,26,1,2
BRDA:172,27,0,3
BRDA:172,27,1,2
BRDA:175,28,0,2
BRDA:175,28,1,0
BRDA:181,29,0,0
BRDA:181,29,1,0
BRDA:183,30,0,0
BRDA:183,30,1,0
BRDA:199,31,0,0
BRDA:199,31,1,5
BRDA:202,32,0,0
BRDA:202,32,1,5
BRDA:207,33,0,2
BRDA:207,33,1,3
BRDA:208,34,0,5
BRDA:208,34,1,5
BRDA:208,34,2,5
BRDA:216,35,0,3
BRDA:216,35,1,0
BRDA:217,36,0,1
BRDA:217,36,1,2
BRDA:217,37,0,3
BRDA:217,37,1,1
BRDA:224,38,0,0
BRDA:224,38,1,3
BRDA:228,39,0,0
BRDA:228,39,1,3
BRDA:230,40,0,0
BRDA:230,40,1,0
BRDA:233,41,0,0
BRDA:233,41,1,3
BRDA:235,42,0,0
BRDA:235,42,1,0
BRDA:257,43,0,0
BRDA:257,43,1,3
BRDA:263,44,0,3
BRDA:263,44,1,0
BRDA:266,45,0,0
BRDA:266,45,1,5
BRDA:266,46,0,5
BRDA:266,46,1,3
BRDA:266,46,2,0
BRDA:266,46,3,0
BRDA:272,47,0,0
BRDA:272,47,1,0
BRDA:277,48,0,0
BRDA:277,48,1,0
BRDA:281,49,0,0
BRDA:281,49,1,0
BRDA:283,50,0,0
BRDA:283,50,1,0
BRDA:287,51,0,0
BRDA:287,51,1,0
BRDA:287,52,0,0
BRDA:287,52,1,0
BRDA:288,53,0,0
BRDA:288,53,1,0
BRDA:292,54,0,0
BRDA:292,54,1,0
BRDA:299,55,0,0
BRDA:299,55,1,0
BRDA:300,56,0,0
BRDA:300,56,1,0
BRDA:300,56,2,0
BRDA:304,57,0,0
BRDA:304,57,1,0
BRDA:308,58,0,0
BRDA:308,58,1,0
BRDA:315,59,0,0
BRDA:315,59,1,0
BRDA:318,60,0,0
BRDA:318,60,1,0
BRDA:327,61,0,0
BRDA:327,61,1,0
BRDA:329,62,0,0
BRDA:329,62,1,0
BRDA:329,63,0,0
BRDA:329,63,1,0
BRDA:332,64,0,0
BRDA:332,64,1,0
BRDA:342,65,0,1
BRDA:342,65,1,2
BRDA:342,66,0,3
BRDA:342,66,1,1
BRDA:343,67,0,1
BRDA:343,67,1,0
BRDA:347,68,0,1
BRDA:347,68,1,0
BRDA:349,69,0,1
BRDA:349,69,1,0
BRDA:372,70,0,0
BRDA:372,70,1,0
BRDA:372,71,0,0
BRDA:372,71,1,0
BRDA:375,72,0,1
BRDA:375,72,1,0
BRDA:386,73,0,0
BRDA:386,73,1,0
BRDA:392,74,0,3
BRDA:392,74,1,0
BRDA:392,75,0,3
BRDA:392,75,1,3
BRDA:392,75,2,3
BRDA:394,76,0,1
BRDA:394,76,1,2
BRDA:395,77,0,0
BRDA:395,77,1,1
BRDA:401,78,0,0
BRDA:401,78,1,1
BRDA:402,79,0,0
BRDA:402,79,1,0
BRDA:406,80,0,0
BRDA:406,80,1,1
BRDA:410,81,0,1
BRDA:410,81,1,0
BRDA:411,82,0,1
BRDA:411,82,1,0
BRDA:424,83,0,3
BRDA:424,83,1,0
BRDA:433,84,0,1
BRDA:433,84,1,3
BRDA:433,85,0,4
BRDA:433,85,1,4
BRDA:438,86,0,0
BRDA:438,86,1,3
BRDA:440,87,0,0
BRDA:440,87,1,3
BRDA:443,88,0,1
BRDA:443,88,1,2
BRDA:448,89,0,2
BRDA:448,89,1,0
BRDA:451,90,0,1
BRDA:451,90,1,3
BRDA:457,91,0,1
BRDA:457,91,1,1
BRDA:461,92,0,1
BRDA:461,92,1,0
BRDA:466,93,0,0
BRDA:466,93,1,0
BRDA:468,94,0,0
BRDA:468,94,1,0
BRDA:474,95,0,0
BRDA:474,95,1,0
BRDA:481,96,0,0
BRDA:481,96,1,0
BRDA:483,97,0,0
BRDA:483,97,1,0
BRDA:488,98,0,0
BRDA:488,98,1,0
BRDA:492,99,0,0
BRDA:492,99,1,0
BRDA:492,100,0,0
BRDA:492,100,1,0
BRDA:497,101,0,0
BRDA:497,101,1,0
BRDA:499,102,0,0
BRDA:499,102,1,0
BRDA:509,103,0,0
BRDA:509,103,1,0
BRDA:511,104,0,0
BRDA:511,104,1,0
BRDA:516,105,0,0
BRDA:516,105,1,0
BRDA:524,106,0,0
BRDA:524,106,1,9
BRDA:528,107,0,1
BRDA:528,107,1,8
BRDA:528,108,0,9
BRDA:528,108,1,9
BRDA:531,109,0,3
BRDA:531,109,1,5
BRDA:544,110,0,0
BRDA:544,110,1,5
BRDA:550,111,0,5
BRDA:550,111,1,0
BRDA:553,112,0,1
BRDA:553,112,1,4
BRDA:557,113,0,0
BRDA:557,113,1,5
BRDA:557,114,0,5
BRDA:557,114,1,0
BRDA:557,115,0,5
BRDA:557,115,1,5
BRDA:559,116,0,0
BRDA:559,116,1,0
BRDA:575,117,0,0
BRDA:575,117,1,0
BRDA:580,118,0,5
BRDA:580,118,1,0
BRDA:582,119,0,2
BRDA:582,119,1,3
BRDA:582,120,0,5
BRDA:582,120,1,3
BRDA:587,121,0,1
BRDA:587,121,1,4
BRDA:592,122,0,5
BRDA:592,122,1,0
BRDA:597,123,0,0
BRDA:600,124,0,0
BRDA:600,124,1,0
BRDA:602,125,0,0
BRDA:602,125,1,0
BRDA:610,126,0,0
BRDA:610,126,1,0
BRDA:617,127,0,0
BRDA:617,127,1,0
BRDA:623,128,0,0
BRDA:623,128,1,0
BRDA:626,129,0,0
BRDA:626,129,1,0
BRDA:630,130,0,0
BRDA:630,130,1,0
BRDA:630,131,0,0
BRDA:630,131,1,0
BRDA:630,132,0,0
BRDA:630,132,1,0
BRDA:632,133,0,0
BRDA:632,133,1,0
BRDA:648,134,0,0
BRDA:648,134,1,0
BRDA:653,135,0,0
BRDA:653,135,1,0
BRDA:653,136,0,0
BRDA:653,136,1,0
BRDA:655,137,0,0
BRDA:655,137,1,0
BRDA:655,138,0,0
BRDA:655,138,1,0
BRDA:660,139,0,0
BRDA:660,139,1,0
BRDA:667,140,0,0
BRDA:667,140,1,0
BRDA:669,141,0,0
BRDA:669,141,1,0
BRDA:679,142,0,0
BRDA:679,142,1,0
BRDA:680,143,0,0
BRDA:680,143,1,0
BRDA:687,144,0,0
BRDA:687,144,1,0
BRDA:689,145,0,0
BRDA:689,145,1,0
BRDA:699,146,0,0
BRDA:699,146,1,0
BRDA:709,147,0,0
BRDA:709,147,1,0
BRDA:713,148,0,0
BRDA:713,148,1,0
BRDA:714,149,0,0
BRDA:714,149,1,0
BRDA:719,150,0,0
BRDA:719,150,1,0
BRDA:722,151,0,0
BRDA:722,151,1,0
BRF:306
BRH:91
end_of_record
TN:
SF:app\modules\order\checkout\checkout.service.ts
FN:26,(anonymous_0)
FN:41,(anonymous_1)
FN:43,(anonymous_2)
FN:44,(anonymous_3)
FN:63,(anonymous_4)
FN:68,(anonymous_5)
FN:90,(anonymous_6)
FN:109,(anonymous_7)
FN:215,(anonymous_8)
FN:222,(anonymous_9)
FN:223,(anonymous_10)
FN:258,(anonymous_11)
FN:259,(anonymous_12)
FN:266,(anonymous_13)
FN:267,(anonymous_14)
FN:299,(anonymous_15)
FN:327,(anonymous_16)
FN:419,(anonymous_17)
FN:476,(anonymous_18)
FN:548,(anonymous_19)
FN:550,(anonymous_20)
FN:551,(anonymous_21)
FN:586,(anonymous_22)
FN:587,(anonymous_23)
FN:593,(anonymous_24)
FN:594,(anonymous_25)
FN:689,(anonymous_26)
FN:779,(anonymous_27)
FNF:28
FNH:7
FNDA:0,(anonymous_0)
FNDA:0,(anonymous_1)
FNDA:0,(anonymous_2)
FNDA:0,(anonymous_3)
FNDA:0,(anonymous_4)
FNDA:0,(anonymous_5)
FNDA:0,(anonymous_6)
FNDA:0,(anonymous_7)
FNDA:5,(anonymous_8)
FNDA:5,(anonymous_9)
FNDA:0,(anonymous_10)
FNDA:5,(anonymous_11)
FNDA:5,(anonymous_12)
FNDA:5,(anonymous_13)
FNDA:5,(anonymous_14)
FNDA:0,(anonymous_15)
FNDA:5,(anonymous_16)
FNDA:0,(anonymous_17)
FNDA:0,(anonymous_18)
FNDA:0,(anonymous_19)
FNDA:0,(anonymous_20)
FNDA:0,(anonymous_21)
FNDA:0,(anonymous_22)
FNDA:0,(anonymous_23)
FNDA:0,(anonymous_24)
FNDA:0,(anonymous_25)
FNDA:0,(anonymous_26)
FNDA:0,(anonymous_27)
DA:26,6
DA:29,0
DA:38,0
DA:41,6
DA:42,0
DA:43,0
DA:44,0
DA:45,0
DA:46,0
DA:48,0
DA:50,0
DA:54,0
DA:61,0
DA:63,0
DA:64,0
DA:68,0
DA:70,0
DA:71,0
DA:72,0
DA:73,0
DA:74,0
DA:76,0
DA:77,0
DA:78,0
DA:79,0
DA:80,0
DA:85,0
DA:89,0
DA:90,0
DA:91,0
DA:92,0
DA:96,0
DA:97,0
DA:100,0
DA:109,0
DA:110,0
DA:113,0
DA:124,0
DA:125,0
DA:126,0
DA:134,0
DA:138,0
DA:143,0
DA:144,0
DA:145,0
DA:146,0
DA:147,0
DA:148,0
DA:149,0
DA:150,0
DA:156,0
DA:157,0
DA:159,0
DA:161,0
DA:167,0
DA:171,0
DA:172,0
DA:178,0
DA:181,0
DA:183,0
DA:186,0
DA:189,0
DA:195,0
DA:200,0
DA:215,6
DA:219,5
DA:220,0
DA:222,5
DA:223,5
DA:224,5
DA:225,0
DA:227,5
DA:229,5
DA:233,5
DA:234,0
DA:238,0
DA:240,0
DA:244,0
DA:248,5
DA:249,5
DA:250,5
DA:251,5
DA:252,5
DA:253,5
DA:255,5
DA:256,5
DA:258,5
DA:259,5
DA:261,5
DA:266,5
DA:267,5
DA:269,5
DA:270,5
DA:271,0
DA:272,5
DA:273,0
DA:275,5
DA:276,5
DA:277,5
DA:278,0
DA:281,5
DA:282,0
DA:284,5
DA:285,5
DA:286,0
DA:287,5
DA:288,0
DA:289,5
DA:290,0
DA:293,5
DA:297,5
DA:298,5
DA:299,0
DA:300,0
DA:301,0
DA:302,0
DA:303,0
DA:311,5
DA:312,5
DA:314,5
DA:327,5
DA:328,5
DA:333,5
DA:346,5
DA:348,5
DA:353,5
DA:354,5
DA:355,5
DA:356,5
DA:357,0
DA:358,0
DA:364,0
DA:365,0
DA:367,0
DA:369,0
DA:371,0
DA:375,5
DA:379,5
DA:380,5
DA:386,5
DA:389,5
DA:391,5
DA:394,5
DA:397,5
DA:403,5
DA:409,5
DA:410,5
DA:415,5
DA:418,5
DA:419,5
DA:420,0
DA:422,5
DA:423,5
DA:429,0
DA:434,0
DA:435,0
DA:439,0
DA:466,0
DA:469,0
DA:470,0
DA:474,0
DA:475,0
DA:476,0
DA:477,0
DA:479,0
DA:480,0
DA:491,0
DA:492,0
DA:497,0
DA:498,0
DA:503,0
DA:511,0
DA:513,5
DA:516,5
DA:517,0
DA:521,0
DA:522,0
DA:526,5
DA:530,5
DA:536,0
DA:537,0
DA:542,0
DA:543,0
DA:548,6
DA:549,0
DA:550,0
DA:551,0
DA:552,0
DA:553,0
DA:555,0
DA:557,0
DA:561,0
DA:562,0
DA:563,0
DA:565,0
DA:566,0
DA:572,0
DA:573,0
DA:583,0
DA:584,0
DA:586,0
DA:587,0
DA:589,0
DA:593,0
DA:594,0
DA:596,0
DA:597,0
DA:598,0
DA:599,0
DA:600,0
DA:602,0
DA:603,0
DA:604,0
DA:605,0
DA:607,0
DA:608,0
DA:609,0
DA:610,0
DA:611,0
DA:612,0
DA:613,0
DA:616,0
DA:619,0
DA:620,0
DA:622,0
DA:634,0
DA:635,0
DA:636,0
DA:637,0
DA:638,0
DA:641,0
DA:644,0
DA:647,0
DA:651,0
DA:656,0
DA:659,0
DA:663,0
DA:666,0
DA:669,0
DA:673,0
DA:679,0
DA:680,0
DA:685,0
DA:688,0
DA:689,0
DA:690,0
DA:692,0
DA:693,0
DA:699,0
DA:704,0
DA:705,0
DA:709,0
DA:736,0
DA:738,0
DA:739,0
DA:740,0
DA:743,0
DA:744,0
DA:745,0
DA:748,0
DA:754,0
DA:755,0
DA:758,0
DA:759,0
DA:767,0
DA:768,0
DA:779,0
DA:780,0
DA:782,0
DA:783,0
DA:793,0
DA:798,0
DA:800,0
DA:801,0
DA:803,0
DA:806,0
LF:276
LH:70
BRDA:38,0,0,0
BRDA:38,0,1,0
BRDA:42,1,0,0
BRDA:42,1,1,0
BRDA:42,2,0,0
BRDA:42,2,1,0
BRDA:45,3,0,0
BRDA:45,3,1,0
BRDA:71,4,0,0
BRDA:71,4,1,0
BRDA:73,5,0,0
BRDA:73,5,1,0
BRDA:73,6,0,0
BRDA:73,6,1,0
BRDA:77,7,0,0
BRDA:77,7,1,0
BRDA:77,8,0,0
BRDA:77,8,1,0
BRDA:79,9,0,0
BRDA:79,9,1,0
BRDA:85,10,0,0
BRDA:85,10,1,0
BRDA:85,11,0,0
BRDA:85,11,1,0
BRDA:89,12,0,0
BRDA:89,12,1,0
BRDA:91,13,0,0
BRDA:91,13,1,0
BRDA:91,14,0,0
BRDA:91,14,1,0
BRDA:116,15,0,0
BRDA:116,15,1,0
BRDA:117,16,0,0
BRDA:117,16,1,0
BRDA:118,17,0,0
BRDA:118,17,1,0
BRDA:119,18,0,0
BRDA:119,18,1,0
BRDA:120,19,0,0
BRDA:120,19,1,0
BRDA:125,20,0,0
BRDA:125,20,1,0
BRDA:125,21,0,0
BRDA:125,21,1,0
BRDA:134,22,0,0
BRDA:134,22,1,0
BRDA:134,23,0,0
BRDA:134,23,1,0
BRDA:138,24,0,0
BRDA:138,24,1,0
BRDA:146,25,0,0
BRDA:146,25,1,0
BRDA:146,26,0,0
BRDA:146,26,1,0
BRDA:148,27,0,0
BRDA:148,27,1,0
BRDA:156,28,0,0
BRDA:156,28,1,0
BRDA:181,29,0,0
BRDA:181,29,1,0
BRDA:183,30,0,0
BRDA:183,30,1,0
BRDA:183,31,0,0
BRDA:183,31,1,0
BRDA:219,32,0,0
BRDA:219,32,1,5
BRDA:219,33,0,5
BRDA:219,33,1,5
BRDA:224,34,0,0
BRDA:224,34,1,5
BRDA:233,35,0,0
BRDA:233,35,1,5
BRDA:238,36,0,0
BRDA:238,36,1,0
BRDA:242,37,0,0
BRDA:242,37,1,0
BRDA:270,38,0,0
BRDA:270,38,1,5
BRDA:272,39,0,0
BRDA:272,39,1,5
BRDA:272,40,0,5
BRDA:272,40,1,5
BRDA:276,41,0,0
BRDA:276,41,1,5
BRDA:277,42,0,0
BRDA:277,42,1,5
BRDA:281,43,0,0
BRDA:281,43,1,5
BRDA:285,44,0,0
BRDA:285,44,1,5
BRDA:285,45,0,5
BRDA:285,45,1,5
BRDA:287,46,0,0
BRDA:287,46,1,5
BRDA:289,47,0,0
BRDA:289,47,1,5
BRDA:293,48,0,0
BRDA:293,48,1,5
BRDA:293,49,0,5
BRDA:293,49,1,0
BRDA:298,50,0,0
BRDA:298,50,1,5
BRDA:300,51,0,0
BRDA:300,51,1,0
BRDA:301,52,0,0
BRDA:301,52,1,0
BRDA:319,53,0,5
BRDA:319,53,1,5
BRDA:346,54,0,0
BRDA:346,54,1,5
BRDA:348,55,0,0
BRDA:348,55,1,5
BRDA:356,56,0,0
BRDA:356,56,1,5
BRDA:364,57,0,0
BRDA:364,57,1,0
BRDA:371,58,0,0
BRDA:371,58,1,0
BRDA:389,59,0,5
BRDA:389,59,1,5
BRDA:391,60,0,0
BRDA:391,60,1,5
BRDA:391,61,0,5
BRDA:391,61,1,0
BRDA:469,62,0,0
BRDA:469,62,1,0
BRDA:474,63,0,0
BRDA:474,63,1,0
BRDA:479,64,0,0
BRDA:479,64,1,0
BRDA:479,65,0,0
BRDA:479,65,1,0
BRDA:491,66,0,0
BRDA:491,66,1,0
BRDA:497,67,0,0
BRDA:497,67,1,0
BRDA:516,68,0,0
BRDA:516,68,1,5
BRDA:516,69,0,5
BRDA:516,69,1,0
BRDA:521,70,0,0
BRDA:521,70,1,0
BRDA:522,71,0,0
BRDA:522,71,1,0
BRDA:527,72,0,5
BRDA:527,72,1,0
BRDA:536,73,0,0
BRDA:536,73,1,0
BRDA:549,74,0,0
BRDA:549,74,1,0
BRDA:549,75,0,0
BRDA:549,75,1,0
BRDA:552,76,0,0
BRDA:552,76,1,0
BRDA:565,77,0,0
BRDA:565,77,1,0
BRDA:572,78,0,0
BRDA:572,78,1,0
BRDA:574,79,0,0
BRDA:574,79,1,0
BRDA:597,80,0,0
BRDA:597,80,1,0
BRDA:599,81,0,0
BRDA:599,81,1,0
BRDA:599,82,0,0
BRDA:599,82,1,0
BRDA:603,83,0,0
BRDA:603,83,1,0
BRDA:604,84,0,0
BRDA:604,84,1,0
BRDA:608,85,0,0
BRDA:608,85,1,0
BRDA:608,86,0,0
BRDA:608,86,1,0
BRDA:610,87,0,0
BRDA:610,87,1,0
BRDA:612,88,0,0
BRDA:612,88,1,0
BRDA:616,89,0,0
BRDA:616,89,1,0
BRDA:616,90,0,0
BRDA:616,90,1,0
BRDA:627,91,0,0
BRDA:627,91,1,0
BRDA:636,92,0,0
BRDA:636,92,1,0
BRDA:637,93,0,0
BRDA:637,93,1,0
BRDA:647,94,0,0
BRDA:647,94,1,0
BRDA:647,95,0,0
BRDA:647,95,1,0
BRDA:663,96,0,0
BRDA:663,96,1,0
BRDA:663,97,0,0
BRDA:663,97,1,0
BRDA:669,98,0,0
BRDA:669,98,1,0
BRDA:711,99,0,0
BRDA:711,99,1,0
BRDA:712,100,0,0
BRDA:712,100,1,0
BRDA:727,101,0,0
BRDA:727,101,1,0
BRDA:727,102,0,0
BRDA:727,102,1,0
BRDA:728,103,0,0
BRDA:728,103,1,0
BRDA:738,104,0,0
BRDA:738,104,1,0
BRDA:744,105,0,0
BRDA:744,105,1,0
BRDA:754,106,0,0
BRDA:754,106,1,0
BRDA:758,107,0,0
BRDA:758,107,1,0
BRDA:767,108,0,0
BRDA:767,108,1,0
BRDA:801,109,0,0
BRDA:801,109,1,0
BRF:220
BRH:32
end_of_record
TN:
SF:app\modules\order\payment\payment.service.ts
FN:14,(anonymous_0)
FN:26,(anonymous_1)
FN:51,(anonymous_2)
FN:180,(anonymous_3)
FN:322,(anonymous_4)
FN:356,(anonymous_5)
FNF:6
FNH:0
FNDA:0,(anonymous_0)
FNDA:0,(anonymous_1)
FNDA:0,(anonymous_2)
FNDA:0,(anonymous_3)
FNDA:0,(anonymous_4)
FNDA:0,(anonymous_5)
DA:13,5
DA:14,5
DA:15,0
DA:16,0
DA:23,0
DA:26,5
DA:27,0
DA:28,0
DA:30,0
DA:31,0
DA:35,0
DA:38,0
DA:46,0
DA:51,5
DA:52,0
DA:55,0
DA:56,0
DA:57,0
DA:58,0
DA:61,0
DA:63,0
DA:70,0
DA:74,0
DA:76,0
DA:77,0
DA:79,0
DA:80,0
DA:81,0
DA:83,0
DA:84,0
DA:85,0
DA:87,0
DA:99,0
DA:101,0
DA:115,0
DA:118,0
DA:121,0
DA:122,0
DA:124,0
DA:125,0
DA:127,0
DA:140,0
DA:143,0
DA:144,0
DA:145,0
DA:147,0
DA:151,0
DA:154,0
DA:155,0
DA:157,0
DA:158,0
DA:168,0
DA:171,0
DA:174,0
DA:180,5
DA:182,0
DA:183,0
DA:185,0
DA:186,0
DA:190,0
DA:191,0
DA:192,0
DA:195,0
DA:196,0
DA:197,0
DA:202,0
DA:203,0
DA:205,0
DA:206,0
DA:209,0
DA:212,0
DA:213,0
DA:214,0
DA:215,0
DA:218,0
DA:219,0
DA:222,0
DA:223,0
DA:224,0
DA:225,0
DA:226,0
DA:227,0
DA:229,0
DA:238,0
DA:240,0
DA:241,0
DA:243,0
DA:246,0
DA:249,0
DA:250,0
DA:254,0
DA:255,0
DA:256,0
DA:257,0
DA:259,0
DA:270,0
DA:272,0
DA:282,0
DA:283,0
DA:285,0
DA:288,0
DA:289,0
DA:290,0
DA:292,0
DA:295,0
DA:297,0
DA:298,0
DA:299,0
DA:300,0
DA:309,0
DA:311,0
DA:312,0
DA:314,0
DA:318,0
DA:322,5
DA:323,0
DA:324,0
DA:326,0
DA:328,0
DA:331,0
DA:332,0
DA:342,0
DA:343,0
DA:344,0
DA:346,0
DA:347,0
DA:349,0
DA:351,0
DA:356,5
DA:357,0
DA:358,0
DA:360,0
DA:361,0
DA:365,0
DA:371,0
DA:372,0
DA:373,0
DA:374,0
DA:375,0
DA:377,0
DA:380,0
DA:381,0
DA:382,0
DA:383,0
DA:385,0
DA:391,0
DA:401,0
DA:403,0
DA:407,0
DA:409,0
DA:420,0
DA:421,0
DA:424,0
DA:425,0
DA:426,0
DA:427,0
LF:156
LH:7
BRDA:15,0,0,0
BRDA:15,0,1,0
BRDA:17,1,0,0
BRDA:17,1,1,0
BRDA:28,2,0,0
BRDA:28,2,1,0
BRDA:30,3,0,0
BRDA:30,3,1,0
BRDA:56,4,0,0
BRDA:56,4,1,0
BRDA:57,5,0,0
BRDA:57,5,1,0
BRDA:74,6,0,0
BRDA:74,6,1,0
BRDA:74,6,2,0
BRDA:79,7,0,0
BRDA:79,7,1,0
BRDA:81,8,0,0
BRDA:81,8,1,0
BRDA:99,9,0,0
BRDA:99,9,1,0
BRDA:111,10,0,0
BRDA:111,10,1,0
BRDA:122,11,0,0
BRDA:122,11,1,0
BRDA:122,12,0,0
BRDA:122,12,1,0
BRDA:122,12,2,0
BRDA:157,13,0,0
BRDA:157,13,1,0
BRDA:185,14,0,0
BRDA:185,14,1,0
BRDA:191,15,0,0
BRDA:191,15,1,0
BRDA:196,16,0,0
BRDA:196,16,1,0
BRDA:196,17,0,0
BRDA:196,17,1,0
BRDA:203,18,0,0
BRDA:203,18,1,0
BRDA:213,19,0,0
BRDA:213,19,1,0
BRDA:218,20,0,0
BRDA:218,20,1,0
BRDA:222,21,0,0
BRDA:222,21,1,0
BRDA:235,22,0,0
BRDA:235,22,1,0
BRDA:235,22,2,0
BRDA:249,23,0,0
BRDA:249,23,1,0
BRDA:254,24,0,0
BRDA:254,24,1,0
BRDA:270,25,0,0
BRDA:270,25,1,0
BRDA:278,26,0,0
BRDA:278,26,1,0
BRDA:278,26,2,0
BRDA:306,27,0,0
BRDA:306,27,1,0
BRDA:306,27,2,0
BRDA:326,28,0,0
BRDA:326,28,1,0
BRDA:326,29,0,0
BRDA:326,29,1,0
BRDA:343,30,0,0
BRDA:343,30,1,0
BRDA:343,31,0,0
BRDA:343,31,1,0
BRDA:346,32,0,0
BRDA:346,32,1,0
BRDA:346,33,0,0
BRDA:346,33,1,0
BRDA:346,33,2,0
BRDA:349,34,0,0
BRDA:349,34,1,0
BRDA:351,35,0,0
BRDA:351,35,1,0
BRDA:357,36,0,0
BRDA:357,36,1,0
BRDA:358,37,0,0
BRDA:358,37,1,0
BRDA:360,38,0,0
BRDA:360,38,1,0
BRDA:369,39,0,0
BRDA:369,39,1,0
BRDA:371,40,0,0
BRDA:371,40,1,0
BRDA:374,41,0,0
BRDA:374,41,1,0
BRDA:381,42,0,0
BRDA:381,42,1,0
BRDA:383,43,0,0
BRDA:383,43,1,0
BRDA:399,44,0,0
BRDA:399,44,1,0
BRDA:417,45,0,0
BRDA:417,45,1,0
BRDA:420,46,0,0
BRDA:420,46,1,0
BRDA:426,47,0,0
BRDA:426,47,1,0
BRF:102
BRH:0
end_of_record
TN:
SF:app\modules\order\shipping\shipping.service.ts
FN:6,(anonymous_0)
FN:19,(anonymous_1)
FN:49,(anonymous_2)
FN:54,(anonymous_3)
FNF:4
FNH:4
FNDA:10,(anonymous_0)
FNDA:5,(anonymous_1)
FNDA:5,(anonymous_2)
FNDA:10,(anonymous_3)
DA:6,6
DA:7,10
DA:8,10
DA:9,10
DA:10,10
DA:11,10
DA:12,10
DA:13,10
DA:14,10
DA:15,10
DA:16,10
DA:19,6
DA:28,5
DA:30,5
DA:31,5
DA:35,5
DA:36,5
DA:37,5
DA:38,5
DA:40,5
DA:44,5
DA:45,5
DA:46,0
DA:49,5
DA:50,5
DA:54,10
DA:56,5
DA:57,0
DA:58,5
DA:59,5
DA:61,5
DA:62,0
DA:66,5
DA:71,5
DA:72,0
DA:75,5
LF:36
LH:32
BRDA:28,0,0,0
BRDA:28,0,1,5
BRDA:32,1,0,5
BRDA:32,1,1,5
BRDA:36,2,0,5
BRDA:36,2,1,0
BRDA:37,3,0,5
BRDA:37,3,1,0
BRDA:45,4,0,0
BRDA:45,4,1,5
BRDA:45,5,0,5
BRDA:45,5,1,5
BRDA:50,6,0,5
BRDA:50,6,1,5
BRDA:50,6,2,5
BRDA:50,6,3,5
BRDA:54,7,0,10
BRDA:54,7,1,5
BRDA:56,8,0,0
BRDA:56,8,1,5
BRDA:56,9,0,5
BRDA:56,9,1,0
BRDA:58,10,0,5
BRDA:58,10,1,0
BRDA:58,11,0,5
BRDA:58,11,1,5
BRDA:61,12,0,0
BRDA:61,12,1,5
BRDA:66,13,0,5
BRDA:66,13,1,5
BRDA:66,13,2,5
BRDA:66,13,3,5
BRDA:71,14,0,0
BRDA:71,14,1,5
BRF:34
BRH:25
end_of_record
TN:
SF:app\modules\order\transaction\transaction.service.ts
FN:3,(anonymous_0)
FN:7,(anonymous_1)
FN:19,(anonymous_2)
FNF:3
FNH:0
FNDA:0,(anonymous_0)
FNDA:0,(anonymous_1)
FNDA:0,(anonymous_2)
DA:3,2
DA:4,0
DA:7,2
DA:12,0
DA:19,2
DA:20,0
LF:6
LH:3
BRDA:14,0,0,0
BRDA:14,0,1,0
BRF:2
BRH:0
end_of_record
TN:
SF:app\modules\product\product.repository.ts
FN:21,attachVariants
FN:26,(anonymous_1)
FN:29,(anonymous_2)
FN:42,(anonymous_3)
FN:56,(anonymous_4)
FN:60,(anonymous_5)
FN:70,(anonymous_6)
FN:72,(anonymous_7)
FN:77,(anonymous_8)
FN:89,(anonymous_9)
FN:92,(anonymous_10)
FN:121,(anonymous_11)
FN:128,(anonymous_12)
FN:131,(anonymous_13)
FN:140,(anonymous_14)
FN:149,(anonymous_15)
FN:151,(anonymous_16)
FN:153,(anonymous_17)
FN:155,(anonymous_18)
FN:157,(anonymous_19)
FN:159,(anonymous_20)
FN:164,(anonymous_21)
FN:167,(anonymous_22)
FN:170,(anonymous_23)
FN:172,(anonymous_24)
FN:175,(anonymous_25)
FN:191,(anonymous_26)
FNF:27
FNH:13
FNDA:19,attachVariants
FNDA:3,(anonymous_1)
FNDA:5,(anonymous_2)
FNDA:0,(anonymous_3)
FNDA:0,(anonymous_4)
FNDA:0,(anonymous_5)
FNDA:0,(anonymous_6)
FNDA:0,(anonymous_7)
FNDA:2,(anonymous_8)
FNDA:2,(anonymous_9)
FNDA:0,(anonymous_10)
FNDA:0,(anonymous_11)
FNDA:0,(anonymous_12)
FNDA:17,(anonymous_13)
FNDA:0,(anonymous_14)
FNDA:17,(anonymous_15)
FNDA:3,(anonymous_16)
FNDA:3,(anonymous_17)
FNDA:13,(anonymous_18)
FNDA:4,(anonymous_19)
FNDA:1,(anonymous_20)
FNDA:0,(anonymous_21)
FNDA:0,(anonymous_22)
FNDA:15,(anonymous_23)
FNDA:0,(anonymous_24)
FNDA:0,(anonymous_25)
FNDA:0,(anonymous_26)
DA:12,5
DA:13,5
DA:24,19
DA:25,2
DA:26,3
DA:27,2
DA:28,2
DA:29,3
DA:30,5
DA:33,2
DA:34,17
DA:35,17
DA:36,17
DA:37,17
DA:39,0
DA:42,5
DA:49,0
DA:56,0
DA:60,5
DA:63,0
DA:64,0
DA:70,0
DA:71,0
DA:72,0
DA:74,0
DA:77,5
DA:78,2
DA:86,2
DA:89,5
DA:92,5
DA:93,0
DA:121,5
DA:122,0
DA:128,0
DA:131,5
DA:132,17
DA:137,17
DA:140,5
DA:141,0
DA:146,0
DA:149,17
DA:151,5
DA:153,5
DA:155,13
DA:157,5
DA:159,5
DA:160,1
DA:161,1
DA:164,5
DA:165,0
DA:167,5
DA:168,0
DA:170,15
DA:172,5
DA:173,0
DA:175,5
DA:176,0
DA:179,0
DA:181,0
DA:182,0
DA:184,0
DA:185,0
DA:191,0
DA:192,0
DA:193,0
DA:196,0
LF:66
LH:39
BRDA:24,0,0,2
BRDA:24,0,1,17
BRDA:25,1,0,0
BRDA:25,1,1,2
BRDA:34,2,0,17
BRDA:34,2,1,0
BRDA:51,3,0,0
BRDA:51,3,1,0
BRDA:63,4,0,0
BRDA:63,4,1,0
BRDA:137,5,0,17
BRDA:137,5,1,0
BRDA:146,6,0,0
BRDA:146,6,1,0
BRDA:179,7,0,0
BRDA:179,7,1,0
BRF:16
BRH:5
end_of_record
TN:
SF:app\modules\product\product.service.ts
FN:19,(anonymous_0)
FN:46,(anonymous_1)
FN:73,(anonymous_2)
FN:110,(anonymous_3)
FN:119,(anonymous_4)
FN:150,(anonymous_5)
FN:154,(anonymous_6)
FN:160,(anonymous_7)
FN:164,(anonymous_8)
FN:201,(anonymous_9)
FN:207,(anonymous_10)
FN:238,(anonymous_11)
FN:267,(anonymous_12)
FN:310,(anonymous_13)
FN:326,(anonymous_14)
FN:356,(anonymous_15)
FN:357,(anonymous_16)
FN:369,(anonymous_17)
FN:380,(anonymous_18)
FN:394,(anonymous_19)
FN:416,(anonymous_20)
FN:448,(anonymous_21)
FN:497,(anonymous_22)
FN:510,(anonymous_23)
FN:522,(anonymous_24)
FN:524,(anonymous_25)
FN:547,(anonymous_26)
FN:561,(anonymous_27)
FN:580,(anonymous_28)
FN:582,(anonymous_29)
FN:624,(anonymous_30)
FN:625,(anonymous_31)
FN:654,(anonymous_32)
FN:672,(anonymous_33)
FN:688,(anonymous_34)
FN:743,(anonymous_35)
FNF:36
FNH:9
FNDA:20,(anonymous_0)
FNDA:0,(anonymous_1)
FNDA:0,(anonymous_2)
FNDA:0,(anonymous_3)
FNDA:0,(anonymous_4)
FNDA:0,(anonymous_5)
FNDA:0,(anonymous_6)
FNDA:0,(anonymous_7)
FNDA:0,(anonymous_8)
FNDA:0,(anonymous_9)
FNDA:0,(anonymous_10)
FNDA:0,(anonymous_11)
FNDA:0,(anonymous_12)
FNDA:2,(anonymous_13)
FNDA:0,(anonymous_14)
FNDA:0,(anonymous_15)
FNDA:0,(anonymous_16)
FNDA:0,(anonymous_17)
FNDA:0,(anonymous_18)
FNDA:0,(anonymous_19)
FNDA:5,(anonymous_20)
FNDA:0,(anonymous_21)
FNDA:2,(anonymous_22)
FNDA:18,(anonymous_23)
FNDA:0,(anonymous_24)
FNDA:0,(anonymous_25)
FNDA:13,(anonymous_26)
FNDA:8,(anonymous_27)
FNDA:0,(anonymous_28)
FNDA:0,(anonymous_29)
FNDA:0,(anonymous_30)
FNDA:0,(anonymous_31)
FNDA:5,(anonymous_32)
FNDA:3,(anonymous_33)
FNDA:0,(anonymous_34)
FNDA:0,(anonymous_35)
DA:19,4
DA:20,20
DA:46,4
DA:58,0
DA:59,0
DA:60,0
DA:63,0
DA:65,0
DA:67,0
DA:68,0
DA:72,0
DA:73,0
DA:75,0
DA:78,0
DA:79,0
DA:81,0
DA:84,0
DA:110,0
DA:111,0
DA:114,0
DA:116,0
DA:117,0
DA:119,0
DA:121,0
DA:122,0
DA:123,0
DA:124,0
DA:126,0
DA:127,0
DA:138,0
DA:142,0
DA:145,0
DA:147,0
DA:148,0
DA:150,0
DA:152,0
DA:153,0
DA:154,0
DA:157,0
DA:158,0
DA:160,0
DA:162,0
DA:163,0
DA:164,0
DA:170,0
DA:173,0
DA:178,0
DA:180,0
DA:183,0
DA:184,0
DA:186,0
DA:188,0
DA:190,0
DA:191,0
DA:193,0
DA:194,0
DA:195,0
DA:196,0
DA:198,0
DA:200,0
DA:202,0
DA:203,0
DA:208,0
DA:209,0
DA:212,0
DA:213,0
DA:215,0
DA:222,0
DA:224,0
DA:229,0
DA:230,0
DA:233,0
DA:238,0
DA:240,0
DA:264,0
DA:265,0
DA:267,0
DA:268,0
DA:270,0
DA:284,0
DA:289,0
DA:301,0
DA:306,0
DA:310,4
DA:312,2
DA:313,2
DA:314,0
DA:316,2
DA:317,2
DA:319,2
DA:321,1
DA:322,0
DA:323,1
DA:326,4
DA:330,0
DA:331,0
DA:332,0
DA:334,0
DA:335,0
DA:337,0
DA:340,0
DA:344,0
DA:345,0
DA:346,0
DA:347,0
DA:348,0
DA:349,0
DA:355,0
DA:356,0
DA:357,0
DA:360,0
DA:362,0
DA:363,0
DA:369,0
DA:370,0
DA:371,0
DA:372,0
DA:378,0
DA:379,0
DA:380,0
DA:381,0
DA:383,0
DA:394,0
DA:396,0
DA:399,0
DA:416,4
DA:427,5
DA:428,5
DA:429,5
DA:432,5
DA:434,5
DA:435,0
DA:438,5
DA:439,5
DA:440,4
DA:442,5
DA:443,0
DA:444,0
DA:445,0
DA:447,0
DA:448,0
DA:450,0
DA:452,0
DA:454,0
DA:458,5
DA:459,0
DA:462,5
DA:464,0
DA:465,0
DA:466,0
DA:475,0
DA:481,5
DA:486,5
DA:497,4
DA:501,2
DA:502,2
DA:503,0
DA:505,2
DA:506,2
DA:507,1
DA:510,4
DA:511,18
DA:512,18
DA:515,16
DA:516,16
DA:517,16
DA:520,16
DA:521,0
DA:522,0
DA:524,0
DA:525,0
DA:528,16
DA:529,16
DA:533,16
DA:535,15
DA:546,15
DA:547,13
DA:554,13
DA:557,15
DA:558,15
DA:561,4
DA:562,8
DA:563,8
DA:564,2
DA:566,6
DA:568,6
DA:569,1
DA:570,1
DA:572,0
DA:573,0
DA:577,5
DA:578,0
DA:579,0
DA:580,0
DA:582,0
DA:583,0
DA:586,0
DA:589,5
DA:590,4
DA:591,4
DA:596,4
DA:597,2
DA:598,2
DA:601,3
DA:603,0
DA:604,0
DA:605,0
DA:607,0
DA:610,3
DA:611,3
DA:612,3
DA:613,3
DA:614,3
DA:616,3
DA:618,3
DA:620,0
DA:621,0
DA:623,0
DA:624,0
DA:625,0
DA:626,0
DA:631,0
DA:632,0
DA:634,0
DA:639,0
DA:640,0
DA:642,0
DA:643,0
DA:645,0
DA:650,3
DA:651,3
DA:654,4
DA:659,5
DA:660,5
DA:661,0
DA:663,5
DA:664,5
DA:665,1
DA:666,4
DA:667,4
DA:668,4
DA:669,4
DA:672,4
DA:673,3
DA:674,3
DA:675,0
DA:677,3
DA:678,3
DA:679,1
DA:681,2
DA:684,2
DA:685,2
DA:688,4
DA:689,0
DA:691,0
DA:692,0
DA:693,0
DA:694,0
DA:695,0
DA:696,0
DA:698,0
DA:701,0
DA:702,0
DA:704,0
DA:705,0
DA:706,0
DA:707,0
DA:708,0
DA:710,0
DA:713,0
DA:714,0
DA:715,0
DA:716,0
DA:717,0
DA:719,0
DA:722,0
DA:731,0
DA:732,0
DA:735,0
DA:736,0
DA:737,0
DA:739,0
DA:742,0
DA:743,0
DA:745,0
DA:746,0
DA:747,0
DA:748,0
DA:750,0
DA:760,0
DA:761,0
DA:763,0
DA:765,0
DA:769,0
LF:294
LH:93
BRDA:51,0,0,0
BRDA:52,1,0,0
BRDA:58,2,0,0
BRDA:58,2,1,0
BRDA:59,3,0,0
BRDA:59,3,1,0
BRDA:65,4,0,0
BRDA:65,4,1,0
BRDA:67,5,0,0
BRDA:67,5,1,0
BRDA:78,6,0,0
BRDA:78,6,1,0
BRDA:78,7,0,0
BRDA:78,7,1,0
BRDA:79,8,0,0
BRDA:79,8,1,0
BRDA:81,9,0,0
BRDA:81,9,1,0
BRDA:116,10,0,0
BRDA:116,10,1,0
BRDA:126,11,0,0
BRDA:126,11,1,0
BRDA:147,12,0,0
BRDA:147,12,1,0
BRDA:152,13,0,0
BRDA:152,13,1,0
BRDA:157,14,0,0
BRDA:157,14,1,0
BRDA:162,15,0,0
BRDA:162,15,1,0
BRDA:170,16,0,0
BRDA:170,16,1,0
BRDA:178,17,0,0
BRDA:178,17,1,0
BRDA:178,18,0,0
BRDA:178,18,1,0
BRDA:186,19,0,0
BRDA:186,19,1,0
BRDA:194,20,0,0
BRDA:194,20,1,0
BRDA:194,21,0,0
BRDA:194,21,1,0
BRDA:222,22,0,0
BRDA:222,22,1,0
BRDA:229,23,0,0
BRDA:229,23,1,0
BRDA:230,24,0,0
BRDA:230,24,1,0
BRDA:313,25,0,0
BRDA:313,25,1,2
BRDA:316,26,0,2
BRDA:316,26,1,0
BRDA:319,27,0,1
BRDA:319,27,1,1
BRDA:321,28,0,0
BRDA:321,28,1,1
BRDA:328,29,0,0
BRDA:330,30,0,0
BRDA:330,30,1,0
BRDA:335,31,0,0
BRDA:335,31,1,0
BRDA:348,32,0,0
BRDA:348,32,1,0
BRDA:349,33,0,0
BRDA:349,33,1,0
BRDA:362,34,0,0
BRDA:362,34,1,0
BRDA:371,35,0,0
BRDA:371,35,1,0
BRDA:379,36,0,0
BRDA:379,36,1,0
BRDA:394,37,0,0
BRDA:394,37,1,0
BRDA:394,38,0,0
BRDA:394,38,1,0
BRDA:423,39,0,5
BRDA:424,40,0,5
BRDA:427,41,0,5
BRDA:427,41,1,0
BRDA:428,42,0,5
BRDA:428,42,1,0
BRDA:434,43,0,0
BRDA:434,43,1,5
BRDA:435,44,0,0
BRDA:435,44,1,0
BRDA:438,45,0,0
BRDA:438,45,1,5
BRDA:439,46,0,1
BRDA:439,46,1,4
BRDA:440,47,0,0
BRDA:440,47,1,4
BRDA:442,48,0,0
BRDA:442,48,1,5
BRDA:442,49,0,5
BRDA:442,49,1,5
BRDA:444,50,0,0
BRDA:444,50,1,0
BRDA:445,51,0,0
BRDA:445,51,1,0
BRDA:450,52,0,0
BRDA:450,52,1,0
BRDA:458,53,0,0
BRDA:458,53,1,5
BRDA:462,54,0,0
BRDA:462,54,1,5
BRDA:465,55,0,0
BRDA:465,55,1,0
BRDA:502,56,0,0
BRDA:502,56,1,2
BRDA:503,57,0,0
BRDA:503,57,1,0
BRDA:506,58,0,1
BRDA:506,58,1,1
BRDA:512,59,0,2
BRDA:512,59,1,16
BRDA:517,60,0,0
BRDA:517,60,1,16
BRDA:520,61,0,0
BRDA:520,61,1,16
BRDA:520,62,0,16
BRDA:520,62,1,0
BRDA:524,63,0,0
BRDA:524,63,1,0
BRDA:533,64,0,1
BRDA:533,64,1,15
BRDA:538,65,0,15
BRDA:538,65,1,15
BRDA:541,66,0,18
BRDA:541,66,1,15
BRDA:546,67,0,13
BRDA:546,67,1,2
BRDA:546,68,0,15
BRDA:546,68,1,15
BRDA:551,69,0,13
BRDA:551,69,1,0
BRDA:563,70,0,2
BRDA:563,70,1,6
BRDA:568,71,0,1
BRDA:568,71,1,5
BRDA:570,72,0,1
BRDA:570,72,1,0
BRDA:577,73,0,0
BRDA:577,73,1,5
BRDA:578,74,0,0
BRDA:578,74,1,0
BRDA:582,75,0,0
BRDA:582,75,1,0
BRDA:589,76,0,4
BRDA:589,76,1,1
BRDA:596,77,0,2
BRDA:596,77,1,2
BRDA:601,78,0,0
BRDA:601,78,1,3
BRDA:605,79,0,0
BRDA:605,79,1,0
BRDA:610,80,0,0
BRDA:610,80,1,3
BRDA:612,81,0,1
BRDA:612,81,1,2
BRDA:613,82,0,0
BRDA:613,82,1,3
BRDA:614,83,0,0
BRDA:614,83,1,3
BRDA:618,84,0,0
BRDA:618,84,1,3
BRDA:618,85,0,3
BRDA:618,85,1,0
BRDA:634,86,0,0
BRDA:634,86,1,0
BRDA:635,87,0,0
BRDA:635,87,1,0
BRDA:642,88,0,0
BRDA:642,88,1,0
BRDA:660,89,0,0
BRDA:660,89,1,5
BRDA:661,90,0,0
BRDA:661,90,1,0
BRDA:664,91,0,1
BRDA:664,91,1,4
BRDA:674,92,0,0
BRDA:674,92,1,3
BRDA:675,93,0,0
BRDA:675,93,1,0
BRDA:678,94,0,1
BRDA:678,94,1,2
BRDA:693,95,0,0
BRDA:693,95,1,0
BRDA:694,96,0,0
BRDA:694,96,1,0
BRDA:695,97,0,0
BRDA:695,97,1,0
BRDA:705,98,0,0
BRDA:705,98,1,0
BRDA:707,99,0,0
BRDA:707,99,1,0
BRDA:714,100,0,0
BRDA:714,100,1,0
BRDA:716,101,0,0
BRDA:716,101,1,0
BRDA:727,102,0,0
BRDA:727,102,1,0
BRDA:731,103,0,0
BRDA:731,103,1,0
BRDA:731,104,0,0
BRDA:731,104,1,0
BRDA:731,104,2,0
BRDA:736,105,0,0
BRDA:736,105,1,0
BRDA:743,106,0,0
BRDA:743,106,1,0
BRDA:746,107,0,0
BRDA:746,107,1,0
BRDA:747,108,0,0
BRDA:747,108,1,0
BRDA:748,109,0,0
BRDA:748,109,1,0
BRDA:754,110,0,0
BRDA:754,110,1,0
BRDA:755,111,0,0
BRDA:755,111,1,0
BRDA:756,112,0,0
BRDA:756,112,1,0
BRDA:760,113,0,0
BRDA:760,113,1,0
BRF:224
BRH:62
end_of_record
TN:
SF:app\modules\product\recommendation.service.ts
FN:7,(anonymous_0)
FN:23,(anonymous_1)
FN:24,(anonymous_2)
FN:39,(anonymous_3)
FN:54,(anonymous_4)
FNF:5
FNH:0
FNDA:0,(anonymous_0)
FNDA:0,(anonymous_1)
FNDA:0,(anonymous_2)
FNDA:0,(anonymous_3)
FNDA:0,(anonymous_4)
DA:7,2
DA:8,0
DA:9,0
DA:10,0
DA:12,0
DA:17,0
DA:18,0
DA:23,0
DA:24,0
DA:26,0
DA:27,0
DA:38,0
DA:39,0
DA:47,0
DA:54,0
LF:15
LH:1
BRDA:7,0,0,0
BRDA:8,1,0,0
BRDA:8,1,1,0
BRDA:8,2,0,0
BRDA:8,2,1,0
BRDA:10,3,0,0
BRDA:10,3,1,0
BRDA:12,4,0,0
BRDA:12,4,1,0
BRDA:17,5,0,0
BRDA:17,5,1,0
BRDA:26,6,0,0
BRDA:26,6,1,0
BRDA:38,7,0,0
BRDA:38,7,1,0
BRF:15
BRH:0
end_of_record
TN:
SF:app\modules\report\report.repository.ts
FN:28,cacheKey
FN:32,getCached
FN:42,setCached
FN:47,invalidateReportCache
FN:52,withCache
FN:66,(anonymous_5)
FN:68,(anonymous_6)
FN:86,(anonymous_7)
FN:89,(anonymous_8)
FN:91,(anonymous_9)
FN:103,(anonymous_10)
FN:107,(anonymous_11)
FN:109,(anonymous_12)
FN:132,(anonymous_13)
FN:138,(anonymous_14)
FN:146,(anonymous_15)
FN:148,(anonymous_16)
FN:161,(anonymous_17)
FN:163,(anonymous_18)
FN:182,(anonymous_19)
FN:187,(anonymous_20)
FN:195,(anonymous_21)
FN:205,(anonymous_22)
FN:207,(anonymous_23)
FN:245,(anonymous_24)
FN:247,(anonymous_25)
FN:273,(anonymous_26)
FN:275,(anonymous_27)
FN:314,(anonymous_28)
FN:316,(anonymous_29)
FN:344,(anonymous_30)
FNF:31
FNH:0
FNDA:0,cacheKey
FNDA:0,getCached
FNDA:0,setCached
FNDA:0,invalidateReportCache
FNDA:0,withCache
FNDA:0,(anonymous_5)
FNDA:0,(anonymous_6)
FNDA:0,(anonymous_7)
FNDA:0,(anonymous_8)
FNDA:0,(anonymous_9)
FNDA:0,(anonymous_10)
FNDA:0,(anonymous_11)
FNDA:0,(anonymous_12)
FNDA:0,(anonymous_13)
FNDA:0,(anonymous_14)
FNDA:0,(anonymous_15)
FNDA:0,(anonymous_16)
FNDA:0,(anonymous_17)
FNDA:0,(anonymous_18)
FNDA:0,(anonymous_19)
FNDA:0,(anonymous_20)
FNDA:0,(anonymous_21)
FNDA:0,(anonymous_22)
FNDA:0,(anonymous_23)
FNDA:0,(anonymous_24)
FNDA:0,(anonymous_25)
FNDA:0,(anonymous_26)
FNDA:0,(anonymous_27)
FNDA:0,(anonymous_28)
FNDA:0,(anonymous_29)
FNDA:0,(anonymous_30)
DA:19,3
DA:26,3
DA:29,0
DA:33,0
DA:34,0
DA:35,0
DA:36,0
DA:37,0
DA:39,0
DA:43,0
DA:48,0
DA:53,0
DA:54,0
DA:55,0
DA:56,0
DA:57,0
DA:62,3
DA:66,3
DA:67,0
DA:68,0
DA:69,0
DA:86,3
DA:87,0
DA:89,3
DA:90,0
DA:91,0
DA:92,0
DA:103,3
DA:104,0
DA:107,3
DA:108,0
DA:109,0
DA:110,0
DA:132,3
DA:133,0
DA:138,3
DA:139,0
DA:146,3
DA:147,0
DA:148,0
DA:149,0
DA:161,3
DA:162,0
DA:163,0
DA:164,0
DA:182,3
DA:183,0
DA:187,3
DA:188,0
DA:190,0
DA:195,3
DA:198,0
DA:200,0
DA:205,3
DA:206,0
DA:207,0
DA:208,0
DA:245,3
DA:246,0
DA:247,0
DA:248,0
DA:273,3
DA:274,0
DA:275,0
DA:276,0
DA:314,3
DA:315,0
DA:316,0
DA:317,0
DA:344,3
DA:345,0
DA:347,0
LF:72
LH:20
BRDA:34,0,0,0
BRDA:34,0,1,0
BRDA:35,1,0,0
BRDA:35,1,1,0
BRDA:54,2,0,0
BRDA:54,2,1,0
BRDA:146,3,0,0
BRDA:161,4,0,0
BRDA:187,5,0,0
BRF:9
BRH:0
end_of_record
TN:
SF:app\modules\report\report.service.ts
FN:12,calcChange
FN:17,buildDateFilter
FN:34,getPreviousPeriod
FN:53,(anonymous_3)
FN:94,(anonymous_4)
FN:112,(anonymous_5)
FN:126,(anonymous_6)
FN:144,(anonymous_7)
FN:185,(anonymous_8)
FN:216,(anonymous_9)
FN:219,(anonymous_10)
FN:228,(anonymous_11)
FN:234,(anonymous_12)
FN:243,(anonymous_13)
FN:347,(anonymous_14)
FN:382,(anonymous_15)
FN:431,(anonymous_16)
FN:437,(anonymous_17)
FN:446,(anonymous_18)
FN:450,(anonymous_19)
FNF:20
FNH:17
FNDA:9,calcChange
FNDA:9,buildDateFilter
FNDA:3,getPreviousPeriod
FNDA:3,(anonymous_3)
FNDA:1,(anonymous_4)
FNDA:1,(anonymous_5)
FNDA:1,(anonymous_6)
FNDA:1,(anonymous_7)
FNDA:2,(anonymous_8)
FNDA:1,(anonymous_9)
FNDA:2,(anonymous_10)
FNDA:1,(anonymous_11)
FNDA:1,(anonymous_12)
FNDA:0,(anonymous_13)
FNDA:0,(anonymous_14)
FNDA:0,(anonymous_15)
FNDA:1,(anonymous_16)
FNDA:2,(anonymous_17)
FNDA:1,(anonymous_18)
FNDA:3,(anonymous_19)
DA:8,3
DA:13,9
DA:14,3
DA:18,9
DA:21,9
DA:22,0
DA:23,0
DA:24,0
DA:26,9
DA:38,3
DA:39,3
DA:40,3
DA:44,3
DA:45,3
DA:46,3
DA:48,3
DA:53,3
DA:58,3
DA:59,3
DA:70,3
DA:82,3
DA:88,3
DA:89,3
DA:90,3
DA:91,3
DA:94,3
DA:95,1
DA:96,1
DA:97,1
DA:98,1
DA:99,1
DA:100,0
DA:102,1
DA:108,1
DA:112,1
DA:121,3
DA:122,3
DA:123,1
DA:124,1
DA:125,1
DA:126,1
DA:128,1
DA:143,3
DA:145,1
DA:146,1
DA:157,3
DA:159,3
DA:163,3
DA:185,3
DA:189,2
DA:190,2
DA:192,2
DA:193,1
DA:203,1
DA:204,1
DA:216,3
DA:217,1
DA:218,1
DA:219,2
DA:228,3
DA:232,1
DA:233,1
DA:234,1
DA:243,3
DA:247,0
DA:249,0
DA:348,0
DA:383,0
DA:408,0
DA:412,0
DA:413,0
DA:415,0
DA:421,0
DA:423,0
DA:424,0
DA:425,0
DA:431,3
DA:435,1
DA:436,1
DA:437,2
DA:446,3
DA:447,1
DA:448,1
DA:450,1
DA:451,3
DA:453,3
DA:459,3
LF:87
LH:71
BRDA:13,0,0,6
BRDA:13,0,1,3
BRDA:13,1,0,1
BRDA:13,1,1,5
BRDA:21,2,0,0
BRDA:21,2,1,9
BRDA:21,3,0,9
BRDA:21,3,1,9
BRDA:23,4,0,0
BRDA:23,4,1,0
BRDA:24,5,0,0
BRDA:24,5,1,0
BRDA:39,6,0,0
BRDA:39,6,1,3
BRDA:40,7,0,0
BRDA:40,7,1,3
BRDA:88,8,0,3
BRDA:88,8,1,1
BRDA:89,9,0,3
BRDA:89,9,1,2
BRDA:90,10,0,3
BRDA:90,10,1,2
BRDA:91,11,0,3
BRDA:91,11,1,2
BRDA:99,12,0,1
BRDA:99,12,1,0
BRDA:100,13,0,0
BRDA:100,13,1,0
BRDA:111,14,0,1
BRDA:111,14,1,0
BRDA:115,15,0,1
BRDA:115,15,1,0
BRDA:124,16,0,1
BRDA:124,16,1,0
BRDA:130,17,0,1
BRDA:130,17,1,0
BRDA:135,18,0,1
BRDA:135,18,1,0
BRDA:147,19,0,1
BRDA:147,19,1,0
BRDA:159,20,0,3
BRDA:159,20,1,0
BRDA:173,21,0,2
BRDA:173,21,1,1
BRDA:175,22,0,1
BRDA:175,22,1,2
BRDA:192,23,0,1
BRDA:192,23,1,1
BRDA:288,24,0,0
BRDA:288,24,1,0
BRDA:288,25,0,0
BRDA:288,25,1,0
BRDA:299,26,0,0
BRDA:299,26,1,0
BRDA:300,27,0,0
BRDA:300,27,1,0
BRDA:306,28,0,0
BRDA:306,28,1,0
BRDA:307,29,0,0
BRDA:307,29,1,0
BRDA:323,30,0,0
BRDA:323,30,1,0
BRDA:324,31,0,0
BRDA:324,31,1,0
BRDA:345,32,0,0
BRDA:345,32,1,0
BRDA:345,33,0,0
BRDA:345,33,1,0
BRDA:380,34,0,0
BRDA:380,34,1,0
BRDA:380,35,0,0
BRDA:380,35,1,0
BRDA:387,36,0,0
BRDA:387,36,1,0
BRDA:451,37,0,3
BRDA:451,37,1,1
BRDA:453,38,0,2
BRDA:453,38,1,1
BRDA:455,39,0,1
BRDA:455,39,1,0
BRF:80
BRH:36
end_of_record
TN:
SF:app\modules\review\review.repository.ts
FN:11,(anonymous_0)
FN:23,(anonymous_1)
FN:26,(anonymous_2)
FN:28,(anonymous_3)
FN:37,(anonymous_4)
FN:40,(anonymous_5)
FN:54,(anonymous_6)
FN:67,(anonymous_7)
FN:69,(anonymous_8)
FN:72,(anonymous_9)
FN:78,(anonymous_10)
FN:85,(anonymous_11)
FN:88,(anonymous_12)
FNF:13
FNH:5
FNDA:0,(anonymous_0)
FNDA:0,(anonymous_1)
FNDA:6,(anonymous_2)
FNDA:5,(anonymous_3)
FNDA:0,(anonymous_4)
FNDA:6,(anonymous_5)
FNDA:0,(anonymous_6)
FNDA:0,(anonymous_7)
FNDA:0,(anonymous_8)
FNDA:1,(anonymous_9)
FNDA:0,(anonymous_10)
FNDA:0,(anonymous_11)
FNDA:6,(anonymous_12)
DA:11,4
DA:16,0
DA:23,4
DA:24,0
DA:26,6
DA:28,4
DA:35,5
DA:37,4
DA:40,4
DA:41,6
DA:54,4
DA:59,0
DA:67,4
DA:69,4
DA:70,0
DA:72,4
DA:73,1
DA:78,4
DA:81,0
DA:85,0
DA:88,4
DA:92,6
LF:22
LH:16
BRF:0
BRH:0
end_of_record
TN:
SF:app\modules\review\review.service.ts
FN:19,(anonymous_0)
FN:37,(anonymous_1)
FN:65,(anonymous_2)
FN:69,(anonymous_3)
FN:70,(anonymous_4)
FN:94,(anonymous_5)
FN:129,(anonymous_6)
FN:149,(anonymous_7)
FN:187,(anonymous_8)
FN:199,(anonymous_9)
FN:214,(anonymous_10)
FN:244,(anonymous_11)
FNF:12
FNH:7
FNDA:9,(anonymous_0)
FNDA:10,(anonymous_1)
FNDA:6,(anonymous_2)
FNDA:6,(anonymous_3)
FNDA:6,(anonymous_4)
FNDA:0,(anonymous_5)
FNDA:0,(anonymous_6)
FNDA:0,(anonymous_7)
FNDA:0,(anonymous_8)
FNDA:0,(anonymous_9)
FNDA:2,(anonymous_10)
FNDA:3,(anonymous_11)
DA:19,4
DA:22,9
DA:24,9
DA:25,7
DA:31,2
DA:37,4
DA:38,10
DA:39,1
DA:42,9
DA:43,9
DA:46,9
DA:47,9
DA:50,9
DA:54,9
DA:55,2
DA:64,7
DA:65,7
DA:66,6
DA:69,7
DA:71,6
DA:75,7
DA:76,1
DA:81,6
DA:90,6
DA:91,6
DA:94,4
DA:101,0
DA:102,0
DA:105,0
DA:106,0
DA:107,0
DA:109,0
DA:110,0
DA:111,0
DA:113,0
DA:118,0
DA:129,4
DA:130,0
DA:131,0
DA:134,0
DA:137,0
DA:138,0
DA:144,0
DA:149,4
DA:156,0
DA:157,0
DA:158,0
DA:160,0
DA:161,0
DA:162,0
DA:163,0
DA:164,0
DA:166,0
DA:167,0
DA:168,0
DA:171,0
DA:176,0
DA:187,4
DA:188,0
DA:189,0
DA:192,0
DA:193,0
DA:195,0
DA:196,0
DA:199,4
DA:200,0
DA:201,0
DA:203,0
DA:204,0
DA:206,0
DA:207,0
DA:209,0
DA:214,4
DA:221,2
DA:222,0
DA:225,2
DA:229,2
DA:230,1
DA:235,1
DA:236,1
DA:237,1
DA:238,1
DA:240,1
DA:241,1
DA:244,4
DA:245,3
DA:246,0
DA:249,3
DA:253,3
DA:254,1
DA:259,2
DA:260,2
LF:92
LH:48
BRDA:24,0,0,7
BRDA:24,0,1,2
BRDA:38,1,0,1
BRDA:38,1,1,9
BRDA:47,2,0,0
BRDA:47,2,1,9
BRDA:54,3,0,2
BRDA:54,3,1,7
BRDA:70,4,0,6
BRDA:70,4,1,0
BRDA:75,5,0,1
BRDA:75,5,1,6
BRDA:96,6,0,0
BRDA:97,7,0,0
BRDA:101,8,0,0
BRDA:101,8,1,0
BRDA:105,9,0,0
BRDA:105,9,1,0
BRDA:106,10,0,0
BRDA:106,10,1,0
BRDA:110,11,0,0
BRDA:110,11,1,0
BRDA:111,12,0,0
BRDA:111,12,1,0
BRDA:130,13,0,0
BRDA:130,13,1,0
BRDA:137,14,0,0
BRDA:137,14,1,0
BRDA:150,15,0,0
BRDA:151,16,0,0
BRDA:156,17,0,0
BRDA:156,17,1,0
BRDA:157,18,0,0
BRDA:157,18,1,0
BRDA:161,19,0,0
BRDA:161,19,1,0
BRDA:162,20,0,0
BRDA:162,20,1,0
BRDA:163,21,0,0
BRDA:163,21,1,0
BRDA:166,22,0,0
BRDA:166,22,1,0
BRDA:188,23,0,0
BRDA:188,23,1,0
BRDA:193,24,0,0
BRDA:193,24,1,0
BRDA:200,25,0,0
BRDA:200,25,1,0
BRDA:203,26,0,0
BRDA:203,26,1,0
BRDA:204,27,0,0
BRDA:204,27,1,0
BRDA:207,28,0,0
BRDA:207,28,1,0
BRDA:221,29,0,0
BRDA:221,29,1,2
BRDA:229,30,0,1
BRDA:229,30,1,1
BRDA:236,31,0,1
BRDA:236,31,1,0
BRDA:237,32,0,0
BRDA:237,32,1,1
BRDA:245,33,0,0
BRDA:245,33,1,3
BRDA:253,34,0,1
BRDA:253,34,1,2
BRF:66
BRH:18
end_of_record
TN:
SF:app\modules\setting\setting.service.ts
FN:34,(anonymous_0)
FN:46,(anonymous_1)
FNF:2
FNH:2
FNDA:12,(anonymous_0)
FNDA:2,(anonymous_1)
DA:3,8
DA:34,8
DA:35,12
DA:36,12
DA:37,1
DA:43,12
DA:46,8
DA:47,2
DA:48,2
DA:49,1
DA:55,1
DA:56,1
DA:57,1
DA:59,2
LF:14
LH:14
BRDA:36,0,0,1
BRDA:36,0,1,11
BRDA:48,1,0,1
BRDA:48,1,1,1
BRF:4
BRH:4
end_of_record
TN:
SF:app\modules\user\user.repository.ts
FN:7,(anonymous_0)
FN:10,(anonymous_1)
FN:50,(anonymous_2)
FN:52,(anonymous_3)
FN:54,(anonymous_4)
FN:56,(anonymous_5)
FN:58,(anonymous_6)
FN:60,(anonymous_7)
FN:62,(anonymous_8)
FN:67,(anonymous_9)
FN:73,(anonymous_10)
FN:75,(anonymous_11)
FN:82,(anonymous_12)
FN:85,(anonymous_13)
FNF:14
FNH:4
FNDA:0,(anonymous_0)
FNDA:0,(anonymous_1)
FNDA:16,(anonymous_2)
FNDA:0,(anonymous_3)
FNDA:4,(anonymous_4)
FNDA:2,(anonymous_5)
FNDA:10,(anonymous_6)
FNDA:0,(anonymous_7)
FNDA:0,(anonymous_8)
FNDA:0,(anonymous_9)
FNDA:0,(anonymous_10)
FNDA:0,(anonymous_11)
FNDA:0,(anonymous_12)
FNDA:0,(anonymous_13)
DA:7,4
DA:8,0
DA:10,4
DA:17,0
DA:19,0
DA:20,0
DA:27,0
DA:28,0
DA:31,0
DA:32,0
DA:35,0
DA:37,0
DA:47,0
DA:50,16
DA:52,4
DA:54,4
DA:56,4
DA:58,10
DA:60,4
DA:62,4
DA:63,0
DA:67,4
DA:68,0
DA:73,4
DA:75,4
DA:76,0
DA:82,4
DA:83,0
DA:85,4
LF:29
LH:14
BRDA:11,0,0,0
BRDA:12,1,0,0
BRDA:19,2,0,0
BRDA:19,2,1,0
BRDA:27,3,0,0
BRDA:27,3,1,0
BRDA:31,4,0,0
BRDA:31,4,1,0
BRF:8
BRH:0
end_of_record
TN:
SF:app\modules\user\user.service.ts
FN:53,(anonymous_0)
FN:90,(anonymous_1)
FN:117,(anonymous_2)
FN:156,(anonymous_3)
FN:177,(anonymous_4)
FN:182,(anonymous_5)
FN:194,(anonymous_6)
FN:202,(anonymous_7)
FN:206,(anonymous_8)
FN:219,(anonymous_9)
FN:223,(anonymous_10)
FN:241,(anonymous_11)
FN:251,(anonymous_12)
FN:265,(anonymous_13)
FN:271,(anonymous_14)
FN:291,(anonymous_15)
FN:317,(anonymous_16)
FN:329,(anonymous_17)
FN:344,(anonymous_18)
FN:369,(anonymous_19)
FN:386,(anonymous_20)
FN:404,(anonymous_21)
FN:444,(anonymous_22)
FN:470,(anonymous_23)
FN:655,(anonymous_24)
FN:738,(anonymous_25)
FN:779,(anonymous_26)
FN:798,(anonymous_27)
FN:824,(anonymous_28)
FN:836,(anonymous_29)
FN:840,(anonymous_30)
FN:847,(anonymous_31)
FN:860,(anonymous_32)
FN:880,(anonymous_33)
FN:889,(anonymous_34)
FN:899,(anonymous_35)
FN:916,(anonymous_36)
FN:921,(anonymous_37)
FN:931,(anonymous_38)
FNF:39
FNH:16
FNDA:0,(anonymous_0)
FNDA:0,(anonymous_1)
FNDA:6,(anonymous_2)
FNDA:0,(anonymous_3)
FNDA:7,(anonymous_4)
FNDA:2,(anonymous_5)
FNDA:0,(anonymous_6)
FNDA:0,(anonymous_7)
FNDA:0,(anonymous_8)
FNDA:4,(anonymous_9)
FNDA:3,(anonymous_10)
FNDA:4,(anonymous_11)
FNDA:0,(anonymous_12)
FNDA:2,(anonymous_13)
FNDA:0,(anonymous_14)
FNDA:0,(anonymous_15)
FNDA:0,(anonymous_16)
FNDA:0,(anonymous_17)
FNDA:3,(anonymous_18)
FNDA:5,(anonymous_19)
FNDA:0,(anonymous_20)
FNDA:0,(anonymous_21)
FNDA:3,(anonymous_22)
FNDA:0,(anonymous_23)
FNDA:0,(anonymous_24)
FNDA:0,(anonymous_25)
FNDA:0,(anonymous_26)
FNDA:6,(anonymous_27)
FNDA:0,(anonymous_28)
FNDA:0,(anonymous_29)
FNDA:2,(anonymous_30)
FNDA:1,(anonymous_31)
FNDA:0,(anonymous_32)
FNDA:0,(anonymous_33)
FNDA:3,(anonymous_34)
FNDA:22,(anonymous_35)
FNDA:0,(anonymous_36)
FNDA:0,(anonymous_37)
FNDA:1,(anonymous_38)
DA:53,4
DA:56,0
DA:72,0
DA:73,0
DA:75,0
DA:76,0
DA:79,0
DA:80,0
DA:81,0
DA:82,0
DA:83,0
DA:90,0
DA:98,0
DA:117,4
DA:121,6
DA:122,6
DA:124,4
DA:125,4
DA:127,2
DA:128,2
DA:129,2
DA:131,0
DA:133,2
DA:134,0
DA:135,0
DA:136,0
DA:137,0
DA:141,0
DA:142,0
DA:143,0
DA:145,0
DA:147,0
DA:149,2
DA:150,2
DA:152,2
DA:153,2
DA:156,4
DA:157,0
DA:158,0
DA:161,0
DA:162,0
DA:164,0
DA:165,0
DA:166,0
DA:167,0
DA:170,0
DA:171,0
DA:172,0
DA:177,4
DA:178,7
DA:179,7
DA:181,7
DA:182,2
DA:183,5
DA:184,4
DA:189,7
DA:190,7
DA:191,7
DA:194,4
DA:199,0
DA:200,0
DA:202,0
DA:203,0
DA:205,0
DA:206,0
DA:209,0
DA:210,0
DA:211,0
DA:212,0
DA:213,0
DA:215,0
DA:216,0
DA:219,4
DA:220,4
DA:221,4
DA:223,4
DA:224,3
DA:226,4
DA:228,3
DA:229,3
DA:232,3
DA:233,2
DA:236,3
DA:237,3
DA:241,4
DA:242,4
DA:243,1
DA:244,0
DA:251,4
DA:258,0
DA:259,0
DA:265,4
DA:266,2
DA:267,2
DA:268,1
DA:271,4
DA:276,0
DA:277,0
DA:279,0
DA:281,0
DA:282,0
DA:283,0
DA:285,0
DA:291,0
DA:292,0
DA:293,0
DA:295,0
DA:296,0
DA:306,0
DA:307,0
DA:308,0
DA:309,0
DA:313,0
DA:314,0
DA:317,4
DA:321,0
DA:322,0
DA:324,0
DA:325,0
DA:326,0
DA:329,4
DA:334,0
DA:335,0
DA:337,0
DA:339,0
DA:340,0
DA:341,0
DA:344,4
DA:350,3
DA:351,3
DA:352,3
DA:353,1
DA:355,2
DA:357,2
DA:358,2
DA:359,1
DA:362,2
DA:363,2
DA:365,2
DA:366,2
DA:369,4
DA:374,5
DA:375,5
DA:376,5
DA:377,3
DA:379,2
DA:381,2
DA:382,2
DA:383,2
DA:386,4
DA:390,0
DA:391,0
DA:392,0
DA:393,0
DA:395,0
DA:398,0
DA:399,0
DA:400,0
DA:401,0
DA:404,4
DA:405,0
DA:406,0
DA:407,0
DA:408,0
DA:410,0
DA:413,0
DA:414,0
DA:419,0
DA:420,0
DA:425,0
DA:426,0
DA:427,0
DA:429,0
DA:430,0
DA:431,0
DA:432,0
DA:433,0
DA:434,0
DA:435,0
DA:436,0
DA:437,0
DA:438,0
DA:439,0
DA:441,0
DA:444,4
DA:445,3
DA:446,3
DA:447,2
DA:448,0
DA:449,0
DA:452,2
DA:453,3
DA:454,1
DA:457,2
DA:458,2
DA:466,2
DA:470,4
DA:483,0
DA:484,0
DA:486,0
DA:487,0
DA:489,0
DA:490,0
DA:492,0
DA:493,0
DA:496,0
DA:552,0
DA:560,0
DA:561,0
DA:562,0
DA:569,0
DA:570,0
DA:573,0
DA:574,0
DA:575,0
DA:577,0
DA:584,0
DA:639,0
DA:641,0
DA:642,0
DA:643,0
DA:644,0
DA:645,0
DA:646,0
DA:647,0
DA:648,0
DA:649,0
DA:654,0
DA:655,0
DA:656,0
DA:657,0
DA:658,0
DA:659,0
DA:665,0
DA:670,0
DA:671,0
DA:672,0
DA:673,0
DA:674,0
DA:675,0
DA:676,0
DA:680,0
DA:681,0
DA:685,0
DA:686,0
DA:687,0
DA:688,0
DA:689,0
DA:690,0
DA:692,0
DA:694,0
DA:695,0
DA:696,0
DA:698,0
DA:699,0
DA:704,0
DA:705,0
DA:709,0
DA:710,0
DA:711,0
DA:712,0
DA:713,0
DA:714,0
DA:715,0
DA:716,0
DA:717,0
DA:718,0
DA:719,0
DA:721,0
DA:723,0
DA:725,0
DA:736,0
DA:738,0
DA:739,0
DA:740,0
DA:759,0
DA:760,0
DA:761,0
DA:764,0
DA:779,4
DA:780,0
DA:781,0
DA:783,0
DA:787,0
DA:795,0
DA:798,4
DA:804,6
DA:805,6
DA:807,6
DA:808,6
DA:810,4
DA:811,4
DA:813,4
DA:820,4
DA:824,4
DA:825,0
DA:826,0
DA:827,0
DA:834,0
DA:835,0
DA:836,0
DA:840,4
DA:841,2
DA:842,2
DA:844,2
DA:845,2
DA:847,2
DA:848,2
DA:849,1
DA:851,1
DA:854,2
DA:855,2
DA:856,2
DA:860,4
DA:865,0
DA:866,0
DA:867,0
DA:874,0
DA:875,0
DA:876,0
DA:877,0
DA:878,0
DA:879,0
DA:880,0
DA:889,4
DA:893,3
DA:894,3
DA:896,3
DA:897,3
DA:899,22
DA:900,3
DA:901,1
DA:904,3
DA:906,3
DA:907,1
DA:910,3
DA:911,3
DA:912,3
DA:916,4
DA:917,0
DA:918,0
DA:920,0
DA:921,0
DA:922,0
DA:923,0
DA:924,0
DA:925,0
DA:927,0
DA:931,4
DA:932,1
DA:933,1
DA:934,1
DA:935,1
DA:936,1
LF:354
LH:129
BRDA:72,0,0,0
BRDA:72,0,1,0
BRDA:73,1,0,0
BRDA:73,1,1,0
BRDA:81,2,0,0
BRDA:81,2,1,0
BRDA:108,3,0,0
BRDA:108,3,1,0
BRDA:109,4,0,0
BRDA:109,4,1,0
BRDA:122,5,0,2
BRDA:122,5,1,4
BRDA:124,6,0,2
BRDA:124,6,1,2
BRDA:125,7,0,2
BRDA:125,7,1,2
BRDA:125,8,0,4
BRDA:125,8,1,2
BRDA:128,9,0,2
BRDA:128,9,1,0
BRDA:128,10,0,2
BRDA:128,10,1,2
BRDA:133,11,0,0
BRDA:133,11,1,2
BRDA:133,12,0,2
BRDA:133,12,1,0
BRDA:134,13,0,0
BRDA:134,13,1,0
BRDA:136,14,0,0
BRDA:136,14,1,0
BRDA:136,15,0,0
BRDA:136,15,1,0
BRDA:142,16,0,0
BRDA:142,16,1,0
BRDA:142,17,0,0
BRDA:142,17,1,0
BRDA:149,18,0,0
BRDA:149,18,1,2
BRDA:150,19,0,0
BRDA:150,19,1,2
BRDA:158,20,0,0
BRDA:158,20,1,0
BRDA:161,21,0,0
BRDA:161,21,1,0
BRDA:164,22,0,0
BRDA:164,22,1,0
BRDA:166,23,0,0
BRDA:166,23,1,0
BRDA:179,24,0,0
BRDA:179,24,1,7
BRDA:181,25,0,2
BRDA:181,25,1,5
BRDA:183,26,0,4
BRDA:183,26,1,1
BRDA:200,27,0,0
BRDA:200,27,1,0
BRDA:203,28,0,0
BRDA:203,28,1,0
BRDA:205,29,0,0
BRDA:205,29,1,0
BRDA:213,30,0,0
BRDA:213,30,1,0
BRDA:221,31,0,0
BRDA:221,31,1,4
BRDA:226,32,0,1
BRDA:226,32,1,3
BRDA:232,33,0,2
BRDA:232,33,1,1
BRDA:232,34,0,3
BRDA:232,34,1,2
BRDA:242,35,0,1
BRDA:242,35,1,3
BRDA:243,36,0,0
BRDA:243,36,1,1
BRDA:243,37,0,1
BRDA:243,37,1,1
BRDA:252,38,0,0
BRDA:253,39,0,0
BRDA:267,40,0,1
BRDA:267,40,1,1
BRDA:277,41,0,0
BRDA:277,41,1,0
BRDA:281,42,0,0
BRDA:281,42,1,0
BRDA:282,43,0,0
BRDA:282,43,1,0
BRDA:283,44,0,0
BRDA:283,44,1,0
BRDA:285,45,0,0
BRDA:285,45,1,0
BRDA:286,46,0,0
BRDA:286,46,1,0
BRDA:286,46,2,0
BRDA:286,46,3,0
BRDA:292,47,0,0
BRDA:292,47,1,0
BRDA:292,48,0,0
BRDA:292,48,1,0
BRDA:295,49,0,0
BRDA:295,49,1,0
BRDA:298,50,0,0
BRDA:298,50,1,0
BRDA:299,51,0,0
BRDA:299,51,1,0
BRDA:300,52,0,0
BRDA:300,52,1,0
BRDA:301,53,0,0
BRDA:301,53,1,0
BRDA:302,54,0,0
BRDA:302,54,1,0
BRDA:303,55,0,0
BRDA:303,55,1,0
BRDA:306,56,0,0
BRDA:306,56,1,0
BRDA:307,57,0,0
BRDA:307,57,1,0
BRDA:308,58,0,0
BRDA:308,58,1,0
BRDA:309,59,0,0
BRDA:309,59,1,0
BRDA:322,60,0,0
BRDA:322,60,1,0
BRDA:335,61,0,0
BRDA:335,61,1,0
BRDA:351,62,0,0
BRDA:351,62,1,3
BRDA:352,63,0,1
BRDA:352,63,1,2
BRDA:358,64,0,1
BRDA:358,64,1,1
BRDA:358,65,0,2
BRDA:358,65,1,1
BRDA:362,66,0,2
BRDA:362,66,1,0
BRDA:363,67,0,2
BRDA:363,67,1,0
BRDA:375,68,0,0
BRDA:375,68,1,5
BRDA:376,69,0,3
BRDA:376,69,1,2
BRDA:391,70,0,0
BRDA:391,70,1,0
BRDA:392,71,0,0
BRDA:392,71,1,0
BRDA:398,72,0,0
BRDA:398,72,1,0
BRDA:406,73,0,0
BRDA:406,73,1,0
BRDA:407,74,0,0
BRDA:407,74,1,0
BRDA:413,75,0,0
BRDA:413,75,1,0
BRDA:419,76,0,0
BRDA:419,76,1,0
BRDA:446,77,0,1
BRDA:446,77,1,2
BRDA:447,78,0,0
BRDA:447,78,1,2
BRDA:449,79,0,0
BRDA:449,79,1,0
BRDA:452,80,0,2
BRDA:452,80,1,0
BRDA:453,81,0,1
BRDA:453,81,1,2
BRDA:457,82,0,2
BRDA:457,82,1,0
BRDA:460,83,0,2
BRDA:460,83,1,2
BRDA:464,84,0,3
BRDA:464,84,1,2
BRDA:471,85,0,0
BRDA:472,86,0,0
BRDA:552,87,0,0
BRDA:552,87,1,0
BRDA:561,88,0,0
BRDA:561,88,1,0
BRDA:569,89,0,0
BRDA:569,89,1,0
BRDA:569,90,0,0
BRDA:569,90,1,0
BRDA:573,91,0,0
BRDA:573,91,1,0
BRDA:573,92,0,0
BRDA:573,92,1,0
BRDA:574,93,0,0
BRDA:574,93,1,0
BRDA:641,94,0,0
BRDA:641,94,1,0
BRDA:641,95,0,0
BRDA:641,95,1,0
BRDA:642,96,0,0
BRDA:642,96,1,0
BRDA:644,97,0,0
BRDA:644,97,1,0
BRDA:646,98,0,0
BRDA:646,98,1,0
BRDA:648,99,0,0
BRDA:648,99,1,0
BRDA:654,100,0,0
BRDA:654,100,1,0
BRDA:654,101,0,0
BRDA:654,101,1,0
BRDA:656,102,0,0
BRDA:656,102,1,0
BRDA:658,103,0,0
BRDA:658,103,1,0
BRDA:670,104,0,0
BRDA:670,104,1,0
BRDA:670,105,0,0
BRDA:670,105,1,0
BRDA:671,106,0,0
BRDA:671,106,1,0
BRDA:673,107,0,0
BRDA:673,107,1,0
BRDA:675,108,0,0
BRDA:675,108,1,0
BRDA:680,109,0,0
BRDA:680,109,1,0
BRDA:685,110,0,0
BRDA:685,110,1,0
BRDA:687,111,0,0
BRDA:687,111,1,0
BRDA:689,112,0,0
BRDA:689,112,1,0
BRDA:692,113,0,0
BRDA:692,113,1,0
BRDA:698,114,0,0
BRDA:698,114,1,0
BRDA:704,115,0,0
BRDA:704,115,1,0
BRDA:710,116,0,0
BRDA:710,116,1,0
BRDA:711,117,0,0
BRDA:711,117,1,0
BRDA:711,118,0,0
BRDA:711,118,1,0
BRDA:713,119,0,0
BRDA:713,119,1,0
BRDA:715,120,0,0
BRDA:715,120,1,0
BRDA:715,121,0,0
BRDA:715,121,1,0
BRDA:717,122,0,0
BRDA:717,122,1,0
BRDA:718,123,0,0
BRDA:718,123,1,0
BRDA:719,124,0,0
BRDA:719,124,1,0
BRDA:739,125,0,0
BRDA:739,125,1,0
BRDA:739,125,2,0
BRDA:745,126,0,0
BRDA:745,126,1,0
BRDA:751,127,0,0
BRDA:751,127,1,0
BRDA:752,128,0,0
BRDA:752,128,1,0
BRDA:753,129,0,0
BRDA:753,129,1,0
BRDA:754,130,0,0
BRDA:754,130,1,0
BRDA:755,131,0,0
BRDA:755,131,1,0
BRDA:759,132,0,0
BRDA:759,132,1,0
BRDA:760,133,0,0
BRDA:760,133,1,0
BRDA:766,134,0,0
BRDA:766,134,1,0
BRDA:767,135,0,0
BRDA:767,135,1,0
BRDA:768,136,0,0
BRDA:768,136,1,0
BRDA:769,137,0,0
BRDA:769,137,1,0
BRDA:781,138,0,0
BRDA:781,138,1,0
BRDA:783,139,0,0
BRDA:783,139,1,0
BRDA:789,140,0,0
BRDA:789,140,1,0
BRDA:805,141,0,0
BRDA:805,141,1,6
BRDA:808,142,0,2
BRDA:808,142,1,4
BRDA:826,143,0,0
BRDA:826,143,1,0
BRDA:834,144,0,0
BRDA:834,144,1,0
BRDA:842,145,0,0
BRDA:842,145,1,2
BRDA:845,146,0,2
BRDA:845,146,1,0
BRDA:848,147,0,1
BRDA:848,147,1,1
BRDA:856,148,0,1
BRDA:856,148,1,1
BRDA:862,149,0,0
BRDA:863,150,0,0
BRDA:866,151,0,0
BRDA:866,151,1,0
BRDA:874,152,0,0
BRDA:874,152,1,0
BRDA:894,153,0,0
BRDA:894,153,1,3
BRDA:897,154,0,3
BRDA:897,154,1,0
BRDA:900,155,0,1
BRDA:900,155,1,2
BRDA:906,156,0,1
BRDA:906,156,1,2
BRDA:918,157,0,0
BRDA:918,157,1,0
BRDA:920,158,0,0
BRDA:920,158,1,0
BRDA:922,159,0,0
BRDA:922,159,1,0
BRDA:933,160,0,0
BRDA:933,160,1,1
BRF:319
BRH:73
end_of_record
TN:
SF:app\modules\voucher\voucher.repository.ts
FN:11,(anonymous_0)
FN:14,(anonymous_1)
FN:16,(anonymous_2)
FN:19,(anonymous_3)
FN:21,(anonymous_4)
FN:23,(anonymous_5)
FN:25,(anonymous_6)
FN:34,(anonymous_7)
FN:61,(anonymous_8)
FN:74,(anonymous_9)
FN:86,(anonymous_10)
FN:93,(anonymous_11)
FN:103,(anonymous_12)
FNF:13
FNH:5
FNDA:0,(anonymous_0)
FNDA:0,(anonymous_1)
FNDA:3,(anonymous_2)
FNDA:8,(anonymous_3)
FNDA:7,(anonymous_4)
FNDA:0,(anonymous_5)
FNDA:1,(anonymous_6)
FNDA:1,(anonymous_7)
FNDA:0,(anonymous_8)
FNDA:0,(anonymous_9)
FNDA:0,(anonymous_10)
FNDA:0,(anonymous_11)
FNDA:0,(anonymous_12)
DA:11,7
DA:12,0
DA:14,7
DA:16,7
DA:17,3
DA:19,8
DA:21,7
DA:23,7
DA:25,7
DA:34,7
DA:35,1
DA:36,1
DA:37,1
DA:39,1
DA:51,1
DA:52,0
DA:54,1
DA:61,7
DA:62,0
DA:63,0
DA:64,0
DA:74,7
DA:78,0
DA:86,7
DA:87,0
DA:93,7
DA:97,0
DA:103,7
DA:107,0
LF:29
LH:20
BRDA:11,0,0,0
BRDA:36,1,0,1
BRDA:36,1,1,0
BRDA:51,2,0,0
BRDA:51,2,1,1
BRDA:63,3,0,0
BRDA:63,3,1,0
BRF:7
BRH:2
end_of_record
TN:
SF:app\modules\voucher\voucher.service.ts
FN:16,(anonymous_0)
FN:24,(anonymous_1)
FN:30,(anonymous_2)
FN:38,(anonymous_3)
FN:42,(anonymous_4)
FN:53,(anonymous_5)
FN:72,(anonymous_6)
FN:79,(anonymous_7)
FN:99,(anonymous_8)
FN:134,(anonymous_9)
FN:141,(anonymous_10)
FN:146,(anonymous_11)
FN:152,(anonymous_12)
FN:158,(anonymous_13)
FN:163,(anonymous_14)
FN:168,(anonymous_15)
FN:170,(anonymous_16)
FN:186,(anonymous_17)
FN:203,(anonymous_18)
FN:212,(anonymous_19)
FNF:20
FNH:5
FNDA:0,(anonymous_0)
FNDA:0,(anonymous_1)
FNDA:0,(anonymous_2)
FNDA:0,(anonymous_3)
FNDA:11,(anonymous_4)
FNDA:0,(anonymous_5)
FNDA:1,(anonymous_6)
FNDA:13,(anonymous_7)
FNDA:1,(anonymous_8)
FNDA:1,(anonymous_9)
FNDA:0,(anonymous_10)
FNDA:0,(anonymous_11)
FNDA:0,(anonymous_12)
FNDA:0,(anonymous_13)
FNDA:0,(anonymous_14)
FNDA:0,(anonymous_15)
FNDA:0,(anonymous_16)
FNDA:0,(anonymous_17)
FNDA:0,(anonymous_18)
FNDA:0,(anonymous_19)
DA:16,7
DA:17,0
DA:20,0
DA:21,0
DA:24,7
DA:25,0
DA:26,0
DA:27,0
DA:30,7
DA:34,0
DA:35,0
DA:38,0
DA:39,0
DA:42,7
DA:43,11
DA:44,11
DA:45,9
DA:46,1
DA:49,8
DA:50,8
DA:53,7
DA:54,0
DA:55,0
DA:57,0
DA:58,0
DA:59,0
DA:62,0
DA:64,0
DA:65,0
DA:68,0
DA:69,0
DA:72,7
DA:73,1
DA:74,1
DA:79,7
DA:85,13
DA:87,13
DA:88,12
DA:90,11
DA:91,11
DA:92,11
DA:93,10
DA:95,9
DA:96,2
DA:99,7
DA:100,1
DA:103,6
DA:104,2
DA:109,4
DA:110,4
DA:111,1
DA:112,3
DA:113,3
DA:114,0
DA:115,0
DA:119,4
DA:120,1
DA:123,4
DA:134,7
DA:135,1
DA:141,7
DA:142,0
DA:146,7
DA:147,0
DA:148,0
DA:150,0
DA:151,0
DA:154,0
DA:158,0
DA:163,7
DA:164,0
DA:165,0
DA:167,0
DA:168,0
DA:170,0
DA:172,0
DA:173,0
DA:174,0
DA:175,0
DA:176,0
DA:177,0
DA:179,0
DA:182,0
DA:186,7
DA:187,0
DA:188,0
DA:189,0
DA:191,0
DA:192,0
DA:193,0
DA:194,0
DA:195,0
DA:196,0
DA:199,0
DA:200,0
DA:201,0
DA:203,0
DA:204,0
DA:206,0
DA:208,0
DA:209,0
DA:212,7
DA:213,0
DA:214,0
DA:216,0
LF:105
LH:43
BRDA:16,0,0,0
BRDA:17,1,0,0
BRDA:17,1,1,0
BRDA:26,2,0,0
BRDA:26,2,1,0
BRDA:35,3,0,0
BRDA:35,3,1,0
BRDA:44,4,0,2
BRDA:44,4,1,9
BRDA:45,5,0,1
BRDA:45,5,1,8
BRDA:55,6,0,0
BRDA:55,6,1,0
BRDA:57,7,0,0
BRDA:57,7,1,0
BRDA:57,8,0,0
BRDA:57,8,1,0
BRDA:59,9,0,0
BRDA:59,9,1,0
BRDA:64,10,0,0
BRDA:64,10,1,0
BRDA:74,11,0,0
BRDA:74,11,1,1
BRDA:82,12,0,13
BRDA:87,13,0,1
BRDA:87,13,1,12
BRDA:88,14,0,1
BRDA:88,14,1,11
BRDA:91,15,0,1
BRDA:91,15,1,10
BRDA:93,16,0,1
BRDA:93,16,1,9
BRDA:95,17,0,2
BRDA:95,17,1,7
BRDA:95,18,0,9
BRDA:95,18,1,9
BRDA:99,19,0,1
BRDA:99,19,1,6
BRDA:99,20,0,7
BRDA:99,20,1,1
BRDA:103,21,0,2
BRDA:103,21,1,4
BRDA:110,22,0,1
BRDA:110,22,1,3
BRDA:112,23,0,3
BRDA:112,23,1,0
BRDA:114,24,0,0
BRDA:114,24,1,0
BRDA:116,25,0,0
BRDA:116,25,1,0
BRDA:119,26,0,1
BRDA:119,26,1,3
BRDA:119,27,0,4
BRDA:119,27,1,3
BRDA:148,28,0,0
BRDA:148,28,1,0
BRDA:148,29,0,0
BRDA:148,29,1,0
BRDA:154,30,0,0
BRDA:154,30,1,0
BRDA:154,30,2,0
BRDA:154,30,3,0
BRDA:154,30,4,0
BRDA:154,30,5,0
BRDA:165,31,0,0
BRDA:165,31,1,0
BRDA:165,32,0,0
BRDA:165,32,1,0
BRDA:172,33,0,0
BRDA:172,33,1,0
BRDA:174,34,0,0
BRDA:174,34,1,0
BRDA:176,35,0,0
BRDA:176,35,1,0
BRDA:176,36,0,0
BRDA:176,36,1,0
BRDA:188,37,0,0
BRDA:188,37,1,0
BRDA:189,38,0,0
BRDA:189,38,1,0
BRDA:192,39,0,0
BRDA:192,39,1,0
BRDA:193,40,0,0
BRDA:193,40,1,0
BRDA:195,41,0,0
BRDA:195,41,1,0
BRDA:195,42,0,0
BRDA:195,42,1,0
BRDA:201,43,0,0
BRDA:201,43,1,0
BRDA:206,44,0,0
BRDA:206,44,1,0
BRDA:214,45,0,0
BRDA:214,45,1,0
BRF:94
BRH:31
end_of_record
